SF:/app/crates/hitz-api/src/api.rs
FN:91,_RNvMs_NtCs7d5gQs0dwLF_8hitz_api3apiNtB4_8VmAction10past_tense
FN:81,_RNvMs_NtCs7d5gQs0dwLF_8hitz_api3apiNtB4_8VmAction6gerund
FN:68,_RNvXNtCs7d5gQs0dwLF_8hitz_api3apiNtB2_8VmActionNtNtCs4kUJL3MZFFz_4core3fmt7Display3fmt
FNDA:0,_RNvMs_NtCs7d5gQs0dwLF_8hitz_api3apiNtB4_8VmAction10past_tense
FNDA:0,_RNvMs_NtCs7d5gQs0dwLF_8hitz_api3apiNtB4_8VmAction6gerund
FNDA:0,_RNvXNtCs7d5gQs0dwLF_8hitz_api3apiNtB2_8VmActionNtNtCs4kUJL3MZFFz_4core3fmt7Display3fmt
FNF:3
FNH:0
DA:68,0
DA:69,0
DA:70,0
DA:71,0
DA:72,0
DA:74,0
DA:75,0
DA:81,0
DA:82,0
DA:83,0
DA:84,0
DA:85,0
DA:87,0
DA:91,0
DA:92,0
DA:93,0
DA:94,0
DA:95,0
DA:97,0
BRF:0
BRH:0
LF:19
LH:0
end_of_record
SF:/app/crates/hitz-api/src/carbon.rs
FN:77,_RNvMNtCs7d5gQs0dwLF_8hitz_api6carbonNtB2_15EmissionFactors3new
FN:143,_RNvXs_NtCs7d5gQs0dwLF_8hitz_api6carbonNtNtB6_7metrics15MetricsSnapshotNtB4_15CarbonEstimator15estimate_carbon
FN:184,_RNvNtNtCs7d5gQs0dwLF_8hitz_api6carbon5tests13base_snapshot
FN:225,_RNvNtNtCs7d5gQs0dwLF_8hitz_api6carbon5testss_26test_carbon_estimator_idle
FN:244,_RNvNtNtCs7d5gQs0dwLF_8hitz_api6carbon5testss_31test_carbon_estimator_full_load
FN:208,_RNvNtNtCs7d5gQs0dwLF_8hitz_api6carbon5testss_41test_carbon_estimator_clamped_utilization
FNDA:3,_RNvMNtCs7d5gQs0dwLF_8hitz_api6carbonNtB2_15EmissionFactors3new
FNDA:6,_RNvXs_NtCs7d5gQs0dwLF_8hitz_api6carbonNtNtB6_7metrics15MetricsSnapshotNtB4_15CarbonEstimator15estimate_carbon
FNDA:6,_RNvNtNtCs7d5gQs0dwLF_8hitz_api6carbon5tests13base_snapshot
FNDA:1,_RNvNtNtCs7d5gQs0dwLF_8hitz_api6carbon5testss_26test_carbon_estimator_idle
FNDA:1,_RNvNtNtCs7d5gQs0dwLF_8hitz_api6carbon5testss_31test_carbon_estimator_full_load
FNDA:1,_RNvNtNtCs7d5gQs0dwLF_8hitz_api6carbon5testss_41test_carbon_estimator_clamped_utilization
FNF:6
FNH:6
DA:77,3
DA:78,3
DA:79,3
DA:80,3
DA:81,3
DA:82,3
DA:83,3
DA:84,3
DA:85,3
DA:86,3
DA:87,3
DA:88,3
DA:143,6
DA:147,6
DA:148,6
DA:150,6
DA:151,6
DA:152,6
DA:153,6
DA:154,6
DA:158,6
DA:159,6
DA:162,6
DA:166,6
DA:169,6
DA:174,6
DA:175,6
DA:184,6
DA:185,6
DA:186,6
DA:187,6
DA:188,6
DA:189,6
DA:190,6
DA:191,6
DA:192,6
DA:193,6
DA:194,6
DA:195,6
DA:196,6
DA:197,6
DA:198,6
DA:199,6
DA:200,6
DA:201,6
DA:202,6
DA:203,6
DA:204,6
DA:205,6
DA:208,1
DA:209,1
DA:210,1
DA:211,1
DA:212,1
DA:213,1
DA:215,1
DA:216,1
DA:217,1
DA:218,1
DA:220,1
DA:221,1
DA:222,1
DA:225,1
DA:226,1
DA:227,1
DA:236,1
DA:237,1
DA:238,1
DA:241,1
DA:244,1
DA:245,1
DA:246,1
DA:255,1
DA:256,1
DA:257,1
DA:260,1
BRF:0
BRH:0
LF:76
LH:76
end_of_record
SF:/app/crates/hitz-api/src/classifier.rs
FN:85,_RNvNtNtCs7d5gQs0dwLF_8hitz_api10classifier5tests13base_snapshot
FN:122,_RNvNtNtCs7d5gQs0dwLF_8hitz_api10classifier5tests9base_diff
FN:187,_RNvNtNtCs7d5gQs0dwLF_8hitz_api10classifier5testss_17test_io_heavy_net
FN:152,_RNvNtNtCs7d5gQs0dwLF_8hitz_api10classifier5testss_17test_memory_bound
FN:143,_RNvNtNtCs7d5gQs0dwLF_8hitz_api10classifier5testss_18test_compute_bound
FN:178,_RNvNtNtCs7d5gQs0dwLF_8hitz_api10classifier5testss_18test_io_heavy_disk
FN:170,_RNvNtNtCs7d5gQs0dwLF_8hitz_api10classifier5testss_20test_io_heavy_net_tx
FN:161,_RNvNtNtCs7d5gQs0dwLF_8hitz_api10classifier5testss_25test_io_heavy_disk_writes
FN:204,_RNvNtNtCs7d5gQs0dwLF_8hitz_api10classifier5testss_42should_handle_zero_memory_total_gracefully
FN:196,_RNvNtNtCs7d5gQs0dwLF_8hitz_api10classifier5testss_9test_idle
FN:44,_RNvXNtCs7d5gQs0dwLF_8hitz_api10classifierNtNtB4_7metrics15MetricsSnapshotNtB2_18WorkloadClassifier17classify_workload
FNDA:8,_RNvNtNtCs7d5gQs0dwLF_8hitz_api10classifier5tests13base_snapshot
FNDA:8,_RNvNtNtCs7d5gQs0dwLF_8hitz_api10classifier5tests9base_diff
FNDA:1,_RNvNtNtCs7d5gQs0dwLF_8hitz_api10classifier5testss_17test_io_heavy_net
FNDA:1,_RNvNtNtCs7d5gQs0dwLF_8hitz_api10classifier5testss_17test_memory_bound
FNDA:1,_RNvNtNtCs7d5gQs0dwLF_8hitz_api10classifier5testss_18test_compute_bound
FNDA:1,_RNvNtNtCs7d5gQs0dwLF_8hitz_api10classifier5testss_18test_io_heavy_disk
FNDA:1,_RNvNtNtCs7d5gQs0dwLF_8hitz_api10classifier5testss_20test_io_heavy_net_tx
FNDA:1,_RNvNtNtCs7d5gQs0dwLF_8hitz_api10classifier5testss_25test_io_heavy_disk_writes
FNDA:1,_RNvNtNtCs7d5gQs0dwLF_8hitz_api10classifier5testss_42should_handle_zero_memory_total_gracefully
FNDA:1,_RNvNtNtCs7d5gQs0dwLF_8hitz_api10classifier5testss_9test_idle
FNDA:8,_RNvXNtCs7d5gQs0dwLF_8hitz_api10classifierNtNtB4_7metrics15MetricsSnapshotNtB2_18WorkloadClassifier17classify_workload
FNF:11
FNH:11
DA:44,8
DA:45,8
DA:46,1
DA:47,7
DA:49,7
DA:50,6
DA:51,6
DA:52,6
DA:53,1
DA:54,5
DA:55,1
DA:57,6
DA:58,6
DA:59,6
DA:60,2
DA:61,4
DA:64,6
DA:65,6
DA:66,6
DA:67,2
DA:68,4
DA:71,6
DA:72,4
DA:73,2
DA:75,2
DA:76,8
DA:85,8
DA:86,8
DA:87,8
DA:88,8
DA:89,8
DA:90,8
DA:91,8
DA:92,8
DA:93,8
DA:94,8
DA:95,8
DA:96,8
DA:97,8
DA:98,8
DA:99,8
DA:100,8
DA:101,8
DA:102,8
DA:103,8
DA:104,8
DA:105,8
DA:106,8
DA:107,8
DA:108,8
DA:109,8
DA:110,8
DA:111,8
DA:112,8
DA:113,8
DA:114,8
DA:115,8
DA:116,8
DA:117,8
DA:118,8
DA:119,8
DA:120,8
DA:122,8
DA:123,8
DA:124,8
DA:125,8
DA:126,8
DA:127,8
DA:128,8
DA:129,8
DA:130,8
DA:131,8
DA:132,8
DA:133,8
DA:134,8
DA:135,8
DA:136,8
DA:137,8
DA:138,8
DA:139,8
DA:140,8
DA:143,1
DA:144,1
DA:145,1
DA:146,1
DA:148,1
DA:149,1
DA:152,1
DA:153,1
DA:154,1
DA:155,1
DA:157,1
DA:158,1
DA:161,1
DA:162,1
DA:163,1
DA:164,1
DA:166,1
DA:167,1
DA:170,1
DA:171,1
DA:172,1
DA:173,1
DA:175,1
DA:176,1
DA:178,1
DA:179,1
DA:180,1
DA:181,1
DA:183,1
DA:184,1
DA:187,1
DA:188,1
DA:189,1
DA:190,1
DA:192,1
DA:193,1
DA:196,1
DA:197,1
DA:198,1
DA:200,1
DA:201,1
DA:204,1
DA:205,1
DA:206,1
DA:207,1
DA:209,1
DA:211,1
DA:212,1
BRF:0
BRH:0
LF:129
LH:129
end_of_record
SF:/app/crates/hitz-api/src/config.rs
FN:299,_RNvNtNtCs7d5gQs0dwLF_8hitz_api6config5testss_20test_default_helpers
FN:282,_RNvNtNtCs7d5gQs0dwLF_8hitz_api6config5testss_29test_effective_cmdline_custom
FN:305,_RNvNtNtCs7d5gQs0dwLF_8hitz_api6config5testss_29test_guest_agent_mode_default
FN:265,_RNvNtNtCs7d5gQs0dwLF_8hitz_api6config5testss_30test_effective_cmdline_default
FN:255,_RNvMNtCs7d5gQs0dwLF_8hitz_api6configNtB2_8VmConfig17effective_cmdline
FN:157,_RNvNtCs7d5gQs0dwLF_8hitz_api6config12default_cpus
FN:161,_RNvNtCs7d5gQs0dwLF_8hitz_api6config17default_guest_cid
FNDA:1,_RNvNtNtCs7d5gQs0dwLF_8hitz_api6config5testss_20test_default_helpers
FNDA:1,_RNvNtNtCs7d5gQs0dwLF_8hitz_api6config5testss_29test_effective_cmdline_custom
FNDA:1,_RNvNtNtCs7d5gQs0dwLF_8hitz_api6config5testss_29test_guest_agent_mode_default
FNDA:1,_RNvNtNtCs7d5gQs0dwLF_8hitz_api6config5testss_30test_effective_cmdline_default
FNDA:4,_RNvMNtCs7d5gQs0dwLF_8hitz_api6configNtB2_8VmConfig17effective_cmdline
FNDA:2,_RNvNtCs7d5gQs0dwLF_8hitz_api6config12default_cpus
FNDA:4,_RNvNtCs7d5gQs0dwLF_8hitz_api6config17default_guest_cid
FNF:7
FNH:7
DA:157,2
DA:158,2
DA:159,2
DA:161,4
DA:162,4
DA:163,4
DA:255,4
DA:256,4
DA:257,4
DA:265,1
DA:266,1
DA:267,1
DA:268,1
DA:269,1
DA:270,1
DA:271,1
DA:272,1
DA:273,1
DA:274,1
DA:275,1
DA:276,1
DA:277,1
DA:278,1
DA:279,1
DA:282,1
DA:283,1
DA:284,1
DA:285,1
DA:286,1
DA:287,1
DA:288,1
DA:289,1
DA:290,1
DA:291,1
DA:292,1
DA:293,1
DA:294,1
DA:295,1
DA:296,1
DA:299,1
DA:300,1
DA:301,1
DA:302,1
DA:305,1
DA:306,1
DA:307,1
BRF:0
BRH:0
LF:46
LH:46
end_of_record
SF:/app/crates/hitz-api/src/diff.rs
FN:238,_RNCNCNvXNtCs2WfCAnMMVqH_8hitz_api4diffNtNtB8_7metrics15MetricsSnapshotNtB6_13CalculateDiff4diff00B8_
FN:266,_RNCNCNvXNtCs2WfCAnMMVqH_8hitz_api4diffNtNtB8_7metrics15MetricsSnapshotNtB6_13CalculateDiff4diffs_00B8_
FN:234,_RNCNvXNtCs2WfCAnMMVqH_8hitz_api4diffNtNtB6_7metrics15MetricsSnapshotNtB4_13CalculateDiff4diff0B6_
FN:262,_RNCNvXNtCs2WfCAnMMVqH_8hitz_api4diffNtNtB6_7metrics15MetricsSnapshotNtB4_13CalculateDiff4diffs_0B6_
FN:225,_RNvXNtCs7d5gQs0dwLF_8hitz_api4diffNtNtB4_7metrics15MetricsSnapshotNtB2_13CalculateDiff4diff
FN:238,_RNCNCNvXNtCs7d5gQs0dwLF_8hitz_api4diffNtNtB8_7metrics15MetricsSnapshotNtB6_13CalculateDiff4diff00B8_
FN:266,_RNCNCNvXNtCs7d5gQs0dwLF_8hitz_api4diffNtNtB8_7metrics15MetricsSnapshotNtB6_13CalculateDiff4diffs_00B8_
FN:234,_RNCNvXNtCs7d5gQs0dwLF_8hitz_api4diffNtNtB6_7metrics15MetricsSnapshotNtB4_13CalculateDiff4diff0B6_
FN:262,_RNCNvXNtCs7d5gQs0dwLF_8hitz_api4diffNtNtB6_7metrics15MetricsSnapshotNtB4_13CalculateDiff4diffs_0B6_
FN:296,_RNvNtNtCs7d5gQs0dwLF_8hitz_api4diff5tests14dummy_snapshot
FN:344,_RNvNtNtCs7d5gQs0dwLF_8hitz_api4diff5testss_29test_metrics_diff_calculation
FN:407,_RNvNtNtCs7d5gQs0dwLF_8hitz_api4diff5testss_37should_handle_missing_devices_in_diff
FN:373,_RNvNtNtCs7d5gQs0dwLF_8hitz_api4diff5testss_37should_handle_new_devices_in_snapshot
FN:433,_RNvNtNtCs7d5gQs0dwLF_8hitz_api4diff5testss_37should_prevent_panic_on_counter_reset
FN:334,_RNvNtNtCs7d5gQs0dwLF_8hitz_api4diff5testss_55should_return_none_when_diffing_older_or_equal_snapshot
FNDA:0,_RNCNCNvXNtCs2WfCAnMMVqH_8hitz_api4diffNtNtB8_7metrics15MetricsSnapshotNtB6_13CalculateDiff4diff00B8_
FNDA:0,_RNCNCNvXNtCs2WfCAnMMVqH_8hitz_api4diffNtNtB8_7metrics15MetricsSnapshotNtB6_13CalculateDiff4diffs_00B8_
FNDA:0,_RNCNvXNtCs2WfCAnMMVqH_8hitz_api4diffNtNtB6_7metrics15MetricsSnapshotNtB4_13CalculateDiff4diff0B6_
FNDA:0,_RNCNvXNtCs2WfCAnMMVqH_8hitz_api4diffNtNtB6_7metrics15MetricsSnapshotNtB4_13CalculateDiff4diffs_0B6_
FNDA:6,_RNvXNtCs7d5gQs0dwLF_8hitz_api4diffNtNtB4_7metrics15MetricsSnapshotNtB2_13CalculateDiff4diff
FNDA:4,_RNCNCNvXNtCs7d5gQs0dwLF_8hitz_api4diffNtNtB8_7metrics15MetricsSnapshotNtB6_13CalculateDiff4diff00B8_
FNDA:4,_RNCNCNvXNtCs7d5gQs0dwLF_8hitz_api4diffNtNtB8_7metrics15MetricsSnapshotNtB6_13CalculateDiff4diffs_00B8_
FNDA:5,_RNCNvXNtCs7d5gQs0dwLF_8hitz_api4diffNtNtB6_7metrics15MetricsSnapshotNtB4_13CalculateDiff4diff0B6_
FNDA:5,_RNCNvXNtCs7d5gQs0dwLF_8hitz_api4diffNtNtB6_7metrics15MetricsSnapshotNtB4_13CalculateDiff4diffs_0B6_
FNDA:11,_RNvNtNtCs7d5gQs0dwLF_8hitz_api4diff5tests14dummy_snapshot
FNDA:1,_RNvNtNtCs7d5gQs0dwLF_8hitz_api4diff5testss_29test_metrics_diff_calculation
FNDA:1,_RNvNtNtCs7d5gQs0dwLF_8hitz_api4diff5testss_37should_handle_missing_devices_in_diff
FNDA:1,_RNvNtNtCs7d5gQs0dwLF_8hitz_api4diff5testss_37should_handle_new_devices_in_snapshot
FNDA:1,_RNvNtNtCs7d5gQs0dwLF_8hitz_api4diff5testss_37should_prevent_panic_on_counter_reset
FNDA:1,_RNvNtNtCs7d5gQs0dwLF_8hitz_api4diff5testss_55should_return_none_when_diffing_older_or_equal_snapshot
FNF:11
FNH:11
DA:225,6
DA:226,6
DA:227,2
DA:228,4
DA:230,4
DA:233,4
DA:234,5
DA:235,5
DA:236,5
DA:237,5
DA:238,5
DA:239,3
DA:240,3
DA:241,3
DA:242,3
DA:243,3
DA:244,3
DA:245,3
DA:246,3
DA:247,3
DA:248,3
DA:249,3
DA:250,3
DA:251,3
DA:252,3
DA:253,3
DA:254,3
DA:255,3
DA:256,3
DA:257,3
DA:258,5
DA:261,4
DA:262,5
DA:263,5
DA:264,5
DA:265,5
DA:266,5
DA:267,3
DA:268,3
DA:269,3
DA:270,3
DA:271,3
DA:272,3
DA:273,3
DA:274,3
DA:275,3
DA:276,3
DA:277,3
DA:278,3
DA:279,3
DA:280,5
DA:282,4
DA:283,4
DA:284,4
DA:285,4
DA:286,4
DA:287,6
DA:296,11
DA:297,11
DA:298,11
DA:299,11
DA:300,11
DA:301,11
DA:302,11
DA:303,11
DA:304,11
DA:305,11
DA:306,11
DA:307,11
DA:308,11
DA:309,11
DA:310,11
DA:311,11
DA:312,11
DA:313,11
DA:314,11
DA:315,11
DA:316,11
DA:317,11
DA:318,11
DA:319,11
DA:320,11
DA:321,11
DA:322,11
DA:323,11
DA:324,11
DA:325,11
DA:326,11
DA:327,11
DA:328,11
DA:329,11
DA:330,11
DA:331,11
DA:334,1
DA:335,1
DA:336,1
DA:337,1
DA:339,1
DA:340,1
DA:341,1
DA:344,1
DA:346,1
DA:349,1
DA:353,1
DA:355,1
DA:357,1
DA:358,1
DA:359,1
DA:360,1
DA:361,1
DA:362,1
DA:364,1
DA:365,1
DA:366,1
DA:367,1
DA:368,1
DA:369,1
DA:370,1
DA:373,1
DA:375,1
DA:378,1
DA:379,1
DA:380,1
DA:381,1
DA:382,1
DA:383,1
DA:384,1
DA:385,1
DA:386,1
DA:387,1
DA:388,1
DA:389,1
DA:390,1
DA:391,1
DA:392,1
DA:393,1
DA:394,1
DA:396,1
DA:397,1
DA:400,1
DA:401,1
DA:402,1
DA:403,1
DA:404,1
DA:407,1
DA:409,1
DA:410,1
DA:411,1
DA:414,1
DA:415,1
DA:416,1
DA:418,1
DA:419,1
DA:422,1
DA:423,1
DA:426,1
DA:427,1
DA:430,1
DA:433,1
DA:435,1
DA:436,1
DA:437,1
DA:440,1
DA:441,1
DA:442,1
DA:445,1
DA:446,1
DA:449,1
DA:450,1
DA:451,1
BRF:0
BRH:0
LF:174
LH:174
end_of_record
SF:/app/crates/hitz-api/src/efficiency.rs
FN:185,_RNCNvNtNtCs7d5gQs0dwLF_8hitz_api10efficiency5testss_18test_underutilized0B7_
FN:186,_RNCNvNtNtCs7d5gQs0dwLF_8hitz_api10efficiency5testss_18test_underutilizeds_0B7_
FN:94,_RNvXNtCs7d5gQs0dwLF_8hitz_api10efficiencyNtNtB4_7metrics15MetricsSnapshotNtB2_16EfficiencyScorer20calculate_efficiency
FN:138,_RNvNtNtCs7d5gQs0dwLF_8hitz_api10efficiency5tests14dummy_snapshot
FN:179,_RNvNtNtCs7d5gQs0dwLF_8hitz_api10efficiency5testss_18test_underutilized
FN:170,_RNvNtNtCs7d5gQs0dwLF_8hitz_api10efficiency5testss_21test_highly_efficient
FN:163,_RNvNtNtCs7d5gQs0dwLF_8hitz_api10efficiency5testss_22test_zero_memory_total
FNDA:1,_RNCNvNtNtCs7d5gQs0dwLF_8hitz_api10efficiency5testss_18test_underutilized0B7_
FNDA:2,_RNCNvNtNtCs7d5gQs0dwLF_8hitz_api10efficiency5testss_18test_underutilizeds_0B7_
FNDA:3,_RNvXNtCs7d5gQs0dwLF_8hitz_api10efficiencyNtNtB4_7metrics15MetricsSnapshotNtB2_16EfficiencyScorer20calculate_efficiency
FNDA:3,_RNvNtNtCs7d5gQs0dwLF_8hitz_api10efficiency5tests14dummy_snapshot
FNDA:1,_RNvNtNtCs7d5gQs0dwLF_8hitz_api10efficiency5testss_18test_underutilized
FNDA:1,_RNvNtNtCs7d5gQs0dwLF_8hitz_api10efficiency5testss_21test_highly_efficient
FNDA:1,_RNvNtNtCs7d5gQs0dwLF_8hitz_api10efficiency5testss_22test_zero_memory_total
FNF:7
FNH:7
DA:94,3
DA:95,3
DA:96,3
DA:100,3
DA:101,3
DA:102,1
DA:103,1
DA:104,1
DA:105,1
DA:106,1
DA:107,1
DA:108,2
DA:112,3
DA:113,2
DA:114,2
DA:115,2
DA:116,1
DA:117,1
DA:118,1
DA:119,1
DA:120,1
DA:121,1
DA:122,1
DA:123,1
DA:125,3
DA:126,3
DA:127,3
DA:128,3
DA:129,3
DA:138,3
DA:139,3
DA:140,3
DA:141,3
DA:142,3
DA:143,3
DA:144,3
DA:145,3
DA:146,3
DA:147,3
DA:148,3
DA:149,3
DA:150,3
DA:151,3
DA:152,3
DA:153,3
DA:154,3
DA:155,3
DA:156,3
DA:157,3
DA:158,3
DA:159,3
DA:163,1
DA:164,1
DA:165,1
DA:166,1
DA:167,1
DA:168,1
DA:170,1
DA:172,1
DA:173,1
DA:174,1
DA:175,1
DA:176,1
DA:179,1
DA:181,1
DA:182,1
DA:183,1
DA:184,1
DA:185,1
DA:186,2
DA:187,1
BRF:0
BRH:0
LF:73
LH:73
end_of_record
SF:/app/crates/hitz-api/src/fingerprint.rs
FN:78,_RNCNvXNtCs2WfCAnMMVqH_8hitz_api11fingerprintNtNtB6_7metrics15MetricsSnapshotNtB4_20FingerprintGenerator20generate_fingerprint0B6_
FN:88,_RNCNvXNtCs2WfCAnMMVqH_8hitz_api11fingerprintNtNtB6_7metrics15MetricsSnapshotNtB4_20FingerprintGenerator20generate_fingerprints_0B6_
FN:78,_RNCNvXNtCs7d5gQs0dwLF_8hitz_api11fingerprintNtNtB6_7metrics15MetricsSnapshotNtB4_20FingerprintGenerator20generate_fingerprint0B6_
FN:88,_RNCNvXNtCs7d5gQs0dwLF_8hitz_api11fingerprintNtNtB6_7metrics15MetricsSnapshotNtB4_20FingerprintGenerator20generate_fingerprints_0B6_
FN:61,_RNvXNtCs7d5gQs0dwLF_8hitz_api11fingerprintNtNtB4_7metrics15MetricsSnapshotNtB2_20FingerprintGenerator20generate_fingerprint
FN:108,_RNvNtNtCs7d5gQs0dwLF_8hitz_api11fingerprint5tests14dummy_snapshot
FN:151,_RNvNtNtCs7d5gQs0dwLF_8hitz_api11fingerprint5testss_22test_zero_memory_total
FN:158,_RNvNtNtCs7d5gQs0dwLF_8hitz_api11fingerprint5testss_32test_fingerprint_generation_idle
FN:174,_RNvNtNtCs7d5gQs0dwLF_8hitz_api11fingerprint5testss_36test_fingerprint_generation_io_heavy
FN:166,_RNvNtNtCs7d5gQs0dwLF_8hitz_api11fingerprint5testss_41test_fingerprint_generation_compute_heavy
FNDA:0,_RNCNvXNtCs2WfCAnMMVqH_8hitz_api11fingerprintNtNtB6_7metrics15MetricsSnapshotNtB4_20FingerprintGenerator20generate_fingerprint0B6_
FNDA:0,_RNCNvXNtCs2WfCAnMMVqH_8hitz_api11fingerprintNtNtB6_7metrics15MetricsSnapshotNtB4_20FingerprintGenerator20generate_fingerprints_0B6_
FNDA:4,_RNCNvXNtCs7d5gQs0dwLF_8hitz_api11fingerprintNtNtB6_7metrics15MetricsSnapshotNtB4_20FingerprintGenerator20generate_fingerprint0B6_
FNDA:4,_RNCNvXNtCs7d5gQs0dwLF_8hitz_api11fingerprintNtNtB6_7metrics15MetricsSnapshotNtB4_20FingerprintGenerator20generate_fingerprints_0B6_
FNDA:4,_RNvXNtCs7d5gQs0dwLF_8hitz_api11fingerprintNtNtB4_7metrics15MetricsSnapshotNtB2_20FingerprintGenerator20generate_fingerprint
FNDA:4,_RNvNtNtCs7d5gQs0dwLF_8hitz_api11fingerprint5tests14dummy_snapshot
FNDA:1,_RNvNtNtCs7d5gQs0dwLF_8hitz_api11fingerprint5testss_22test_zero_memory_total
FNDA:1,_RNvNtNtCs7d5gQs0dwLF_8hitz_api11fingerprint5testss_32test_fingerprint_generation_idle
FNDA:1,_RNvNtNtCs7d5gQs0dwLF_8hitz_api11fingerprint5testss_36test_fingerprint_generation_io_heavy
FNDA:1,_RNvNtNtCs7d5gQs0dwLF_8hitz_api11fingerprint5testss_41test_fingerprint_generation_compute_heavy
FNF:8
FNH:8
DA:61,4
DA:64,4
DA:67,4
DA:68,3
DA:69,3
DA:71,1
DA:75,4
DA:76,4
DA:77,4
DA:78,4
DA:79,4
DA:80,4
DA:81,1
DA:82,1
DA:84,3
DA:88,4
DA:89,4
DA:90,1
DA:91,1
DA:93,3
DA:96,4
DA:97,4
DA:98,4
DA:99,4
DA:108,4
DA:111,4
DA:112,4
DA:114,4
DA:115,4
DA:116,4
DA:117,4
DA:118,4
DA:119,4
DA:120,4
DA:121,4
DA:122,4
DA:123,4
DA:124,4
DA:125,4
DA:126,4
DA:127,4
DA:128,4
DA:129,4
DA:130,4
DA:131,4
DA:132,4
DA:133,4
DA:134,4
DA:135,4
DA:136,4
DA:137,4
DA:138,4
DA:139,4
DA:140,4
DA:141,4
DA:142,4
DA:143,4
DA:144,4
DA:145,4
DA:146,4
DA:147,4
DA:148,4
DA:151,1
DA:152,1
DA:153,1
DA:154,1
DA:155,1
DA:156,1
DA:158,1
DA:160,1
DA:161,1
DA:162,1
DA:163,1
DA:166,1
DA:168,1
DA:169,1
DA:170,1
DA:171,1
DA:174,1
DA:176,1
DA:177,1
DA:178,1
DA:179,1
BRF:0
BRH:0
LF:85
LH:85
end_of_record
SF:/app/crates/hitz-api/src/health.rs
FN:176,_RNCNvXNtCs2WfCAnMMVqH_8hitz_api6healthNtNtB6_7metrics15MetricsSnapshotNtB4_11HealthCheck13assess_health0B6_
FN:400,_RNCNvNtNtCs7d5gQs0dwLF_8hitz_api6health5testss_40should_evaluate_network_errors_correctly0B7_
FN:344,_RNCNvNtNtCs7d5gQs0dwLF_8hitz_api6health5testss_52should_evaluate_memory_and_swap_thresholds_correctly0B7_
FN:347,_RNCNvNtNtCs7d5gQs0dwLF_8hitz_api6health5testss_52should_evaluate_memory_and_swap_thresholds_correctlys_0B7_
FN:196,_RNvNtNtCs7d5gQs0dwLF_8hitz_api6health5tests12safe_metrics
FN:353,_RNvNtNtCs7d5gQs0dwLF_8hitz_api6health5testss_40should_evaluate_network_errors_correctly
FN:246,_RNvNtNtCs7d5gQs0dwLF_8hitz_api6health5testss_41should_return_critical_when_cpu_exhausted
FN:406,_RNvNtNtCs7d5gQs0dwLF_8hitz_api6health5testss_42should_handle_empty_networks_without_panic
FN:228,_RNvNtNtCs7d5gQs0dwLF_8hitz_api6health5testss_42should_return_healthy_when_metrics_are_low
FN:236,_RNvNtNtCs7d5gQs0dwLF_8hitz_api6health5testss_42should_return_warning_when_cpu_is_elevated
FN:256,_RNvNtNtCs7d5gQs0dwLF_8hitz_api6health5testss_52should_evaluate_memory_and_swap_thresholds_correctly
FN:176,_RNCNvXNtCs7d5gQs0dwLF_8hitz_api6healthNtNtB6_7metrics15MetricsSnapshotNtB4_11HealthCheck13assess_health0B6_
FN:129,_RNvXNtCs7d5gQs0dwLF_8hitz_api6healthNtNtB4_7metrics15MetricsSnapshotNtB2_11HealthCheck13assess_health
FNDA:0,_RNCNvXNtCs2WfCAnMMVqH_8hitz_api6healthNtNtB6_7metrics15MetricsSnapshotNtB4_11HealthCheck13assess_health0B6_
FNDA:4,_RNCNvNtNtCs7d5gQs0dwLF_8hitz_api6health5testss_40should_evaluate_network_errors_correctly0B7_
FNDA:2,_RNCNvNtNtCs7d5gQs0dwLF_8hitz_api6health5testss_52should_evaluate_memory_and_swap_thresholds_correctly0B7_
FNDA:2,_RNCNvNtNtCs7d5gQs0dwLF_8hitz_api6health5testss_52should_evaluate_memory_and_swap_thresholds_correctlys_0B7_
FNDA:15,_RNvNtNtCs7d5gQs0dwLF_8hitz_api6health5tests12safe_metrics
FNDA:1,_RNvNtNtCs7d5gQs0dwLF_8hitz_api6health5testss_40should_evaluate_network_errors_correctly
FNDA:1,_RNvNtNtCs7d5gQs0dwLF_8hitz_api6health5testss_41should_return_critical_when_cpu_exhausted
FNDA:1,_RNvNtNtCs7d5gQs0dwLF_8hitz_api6health5testss_42should_handle_empty_networks_without_panic
FNDA:1,_RNvNtNtCs7d5gQs0dwLF_8hitz_api6health5testss_42should_return_healthy_when_metrics_are_low
FNDA:1,_RNvNtNtCs7d5gQs0dwLF_8hitz_api6health5testss_42should_return_warning_when_cpu_is_elevated
FNDA:1,_RNvNtNtCs7d5gQs0dwLF_8hitz_api6health5testss_52should_evaluate_memory_and_swap_thresholds_correctly
FNDA:14,_RNCNvXNtCs7d5gQs0dwLF_8hitz_api6healthNtNtB6_7metrics15MetricsSnapshotNtB4_11HealthCheck13assess_health0B6_
FNDA:23,_RNvXNtCs7d5gQs0dwLF_8hitz_api6healthNtNtB4_7metrics15MetricsSnapshotNtB2_11HealthCheck13assess_health
FNF:12
FNH:12
DA:129,23
DA:130,23
DA:135,23
DA:138,23
DA:139,2
DA:140,2
DA:141,21
DA:142,2
DA:143,2
DA:144,19
DA:147,23
DA:148,22
DA:149,22
DA:150,22
DA:151,1
DA:152,1
DA:153,21
DA:154,1
DA:155,1
DA:156,20
DA:157,1
DA:160,23
DA:162,14
DA:163,14
DA:164,1
DA:165,1
DA:166,13
DA:167,1
DA:168,1
DA:169,12
DA:170,9
DA:173,23
DA:174,23
DA:175,23
DA:176,23
DA:177,23
DA:179,23
DA:180,2
DA:181,2
DA:182,21
DA:183,2
DA:184,2
DA:185,19
DA:187,23
DA:188,23
DA:196,15
DA:197,15
DA:198,15
DA:199,15
DA:200,15
DA:201,15
DA:202,15
DA:203,15
DA:204,15
DA:205,15
DA:206,15
DA:207,15
DA:208,15
DA:209,15
DA:210,15
DA:211,15
DA:212,15
DA:213,15
DA:214,15
DA:215,15
DA:216,15
DA:217,15
DA:218,15
DA:219,15
DA:220,15
DA:221,15
DA:222,15
DA:223,15
DA:224,15
DA:225,15
DA:228,1
DA:229,1
DA:230,1
DA:231,1
DA:232,1
DA:233,1
DA:236,1
DA:237,1
DA:238,1
DA:239,1
DA:240,1
DA:241,1
DA:242,1
DA:243,1
DA:246,1
DA:247,1
DA:248,1
DA:249,1
DA:250,1
DA:251,1
DA:252,1
DA:253,1
DA:256,1
DA:267,1
DA:268,1
DA:269,1
DA:270,1
DA:271,1
DA:272,1
DA:273,1
DA:274,1
DA:275,1
DA:276,1
DA:277,1
DA:278,1
DA:279,1
DA:280,1
DA:281,1
DA:282,1
DA:283,1
DA:284,1
DA:285,1
DA:286,1
DA:287,1
DA:288,1
DA:289,1
DA:290,1
DA:291,1
DA:292,1
DA:293,1
DA:294,1
DA:295,1
DA:296,1
DA:297,1
DA:298,1
DA:299,1
DA:300,1
DA:301,1
DA:302,1
DA:303,1
DA:304,1
DA:305,1
DA:306,1
DA:307,1
DA:308,1
DA:309,1
DA:310,1
DA:311,1
DA:312,1
DA:313,1
DA:314,1
DA:315,1
DA:316,1
DA:317,1
DA:318,1
DA:319,1
DA:320,1
DA:321,1
DA:322,1
DA:323,1
DA:324,1
DA:325,1
DA:326,1
DA:329,6
DA:330,6
DA:331,6
DA:332,6
DA:333,6
DA:334,6
DA:336,6
DA:337,6
DA:343,6
DA:344,2
DA:345,4
DA:346,6
DA:347,2
DA:348,4
DA:350,1
DA:353,1
DA:360,1
DA:361,1
DA:362,1
DA:363,1
DA:364,1
DA:365,1
DA:366,1
DA:367,1
DA:368,1
DA:369,1
DA:370,1
DA:371,1
DA:372,1
DA:373,1
DA:374,1
DA:375,1
DA:376,1
DA:377,1
DA:378,1
DA:379,1
DA:380,1
DA:381,1
DA:382,1
DA:383,1
DA:384,1
DA:385,1
DA:388,5
DA:389,5
DA:390,5
DA:391,5
DA:392,5
DA:393,5
DA:398,5
DA:399,4
DA:400,4
DA:401,1
DA:403,1
DA:406,1
DA:407,1
DA:408,1
DA:409,1
DA:410,1
DA:411,1
BRF:0
BRH:0
LF:221
LH:221
end_of_record
SF:/app/crates/hitz-api/src/imbalance.rs
FN:72,_RNCNvXNtCs2WfCAnMMVqH_8hitz_api9imbalanceNtNtB6_7metrics15MetricsSnapshotNtB4_21CoreImbalanceAnalyzer17analyze_imbalance0B6_
FN:79,_RNCNvXNtCs2WfCAnMMVqH_8hitz_api9imbalanceNtNtB6_7metrics15MetricsSnapshotNtB4_21CoreImbalanceAnalyzer17analyze_imbalances_0B6_
FN:72,_RNCNvXNtCs7d5gQs0dwLF_8hitz_api9imbalanceNtNtB6_7metrics15MetricsSnapshotNtB4_21CoreImbalanceAnalyzer17analyze_imbalance0B6_
FN:79,_RNCNvXNtCs7d5gQs0dwLF_8hitz_api9imbalanceNtNtB6_7metrics15MetricsSnapshotNtB4_21CoreImbalanceAnalyzer17analyze_imbalances_0B6_
FN:117,_RNvNtNtCs7d5gQs0dwLF_8hitz_api9imbalance5tests14dummy_snapshot
FN:150,_RNvNtNtCs7d5gQs0dwLF_8hitz_api9imbalance5testss_18test_zero_sum_mean
FN:168,_RNvNtNtCs7d5gQs0dwLF_8hitz_api9imbalance5testss_19test_single_core_vm
FN:158,_RNvNtNtCs7d5gQs0dwLF_8hitz_api9imbalance5testss_22test_highly_imbalanced
FN:141,_RNvNtNtCs7d5gQs0dwLF_8hitz_api9imbalance5testss_23test_perfectly_balanced
FN:61,_RNvXNtCs7d5gQs0dwLF_8hitz_api9imbalanceNtNtB4_7metrics15MetricsSnapshotNtB2_21CoreImbalanceAnalyzer17analyze_imbalance
FNDA:0,_RNCNvXNtCs2WfCAnMMVqH_8hitz_api9imbalanceNtNtB6_7metrics15MetricsSnapshotNtB4_21CoreImbalanceAnalyzer17analyze_imbalance0B6_
FNDA:0,_RNCNvXNtCs2WfCAnMMVqH_8hitz_api9imbalanceNtNtB6_7metrics15MetricsSnapshotNtB4_21CoreImbalanceAnalyzer17analyze_imbalances_0B6_
FNDA:11,_RNCNvXNtCs7d5gQs0dwLF_8hitz_api9imbalanceNtNtB6_7metrics15MetricsSnapshotNtB4_21CoreImbalanceAnalyzer17analyze_imbalance0B6_
FNDA:11,_RNCNvXNtCs7d5gQs0dwLF_8hitz_api9imbalanceNtNtB6_7metrics15MetricsSnapshotNtB4_21CoreImbalanceAnalyzer17analyze_imbalances_0B6_
FNDA:4,_RNvNtNtCs7d5gQs0dwLF_8hitz_api9imbalance5tests14dummy_snapshot
FNDA:1,_RNvNtNtCs7d5gQs0dwLF_8hitz_api9imbalance5testss_18test_zero_sum_mean
FNDA:1,_RNvNtNtCs7d5gQs0dwLF_8hitz_api9imbalance5testss_19test_single_core_vm
FNDA:1,_RNvNtNtCs7d5gQs0dwLF_8hitz_api9imbalance5testss_22test_highly_imbalanced
FNDA:1,_RNvNtNtCs7d5gQs0dwLF_8hitz_api9imbalance5testss_23test_perfectly_balanced
FNDA:4,_RNvXNtCs7d5gQs0dwLF_8hitz_api9imbalanceNtNtB4_7metrics15MetricsSnapshotNtB2_21CoreImbalanceAnalyzer17analyze_imbalance
FNF:8
FNH:8
DA:61,4
DA:62,4
DA:63,4
DA:64,1
DA:65,1
DA:66,1
DA:67,1
DA:68,1
DA:69,3
DA:71,3
DA:72,11
DA:73,3
DA:75,3
DA:76,3
DA:77,3
DA:78,3
DA:79,11
DA:80,11
DA:81,11
DA:82,11
DA:83,3
DA:84,3
DA:86,3
DA:95,3
DA:97,3
DA:98,3
DA:100,0
DA:103,3
DA:104,3
DA:105,3
DA:106,3
DA:107,3
DA:108,4
DA:117,4
DA:118,4
DA:119,4
DA:120,4
DA:121,4
DA:122,4
DA:123,4
DA:124,4
DA:125,4
DA:126,4
DA:127,4
DA:128,4
DA:129,4
DA:130,4
DA:131,4
DA:132,4
DA:133,4
DA:134,4
DA:135,4
DA:136,4
DA:137,4
DA:138,4
DA:141,1
DA:142,1
DA:143,1
DA:144,1
DA:145,1
DA:146,1
DA:147,1
DA:150,1
DA:151,1
DA:152,1
DA:153,1
DA:154,1
DA:155,1
DA:156,1
DA:158,1
DA:160,1
DA:161,1
DA:162,1
DA:163,1
DA:164,1
DA:165,1
DA:168,1
DA:169,1
DA:170,1
DA:171,1
DA:172,1
DA:173,1
DA:174,1
BRF:0
BRH:0
LF:85
LH:84
end_of_record
SF:/app/crates/hitz-api/src/lib.rs
FN:90,_RNvNtCs7d5gQs0dwLF_8hitz_api5tests14minimal_config
FN:226,_RNvNtCs7d5gQs0dwLF_8hitz_api5testss_17test_vminfo_serde
FN:241,_RNvNtCs7d5gQs0dwLF_8hitz_api5testss_19test_apierror_serde
FN:179,_RNvNtCs7d5gQs0dwLF_8hitz_api5testss_19test_vmconfig_serde
FN:306,_RNvNtCs7d5gQs0dwLF_8hitz_api5testss_22test_vmconfig_with_net
FN:169,_RNvNtCs7d5gQs0dwLF_8hitz_api5testss_23test_port_forward_serde
FN:280,_RNvNtCs7d5gQs0dwLF_8hitz_api5testss_24test_vmconfig_with_ports
FN:295,_RNvNtCs7d5gQs0dwLF_8hitz_api5testss_25test_vmconfig_default_net
FN:251,_RNvNtCs7d5gQs0dwLF_8hitz_api5testss_27test_clone_vm_request_serde
FN:269,_RNvNtCs7d5gQs0dwLF_8hitz_api5testss_27test_vmconfig_default_ports
FN:216,_RNvNtCs7d5gQs0dwLF_8hitz_api5testss_28test_action_vm_request_serde
FN:206,_RNvNtCs7d5gQs0dwLF_8hitz_api5testss_28test_create_vm_request_serde
FN:380,_RNvNtCs7d5gQs0dwLF_8hitz_api5testss_30test_net_metrics_serialization
FN:335,_RNvNtCs7d5gQs0dwLF_8hitz_api5testss_31test_cpu_metrics_default_fields
FN:365,_RNvNtCs7d5gQs0dwLF_8hitz_api5testss_31test_disk_metrics_serialization
FN:348,_RNvNtCs7d5gQs0dwLF_8hitz_api5testss_31test_memory_metrics_zero_values
FN:412,_RNvNtCs7d5gQs0dwLF_8hitz_api5testss_31test_metrics_snapshot_roundtrip
FN:397,_RNvNtCs7d5gQs0dwLF_8hitz_api5testss_31test_proc_metrics_serialization
FN:261,_RNvNtCs7d5gQs0dwLF_8hitz_api5testss_31test_vmconfig_effective_cmdline
FN:136,_RNvNtCs7d5gQs0dwLF_8hitz_api5testss_32guest_agent_mode_default_is_auto
FN:158,_RNvNtCs7d5gQs0dwLF_8hitz_api5testss_33default_config_has_correct_values
FN:108,_RNvNtCs7d5gQs0dwLF_8hitz_api5testss_34metrics_snapshot_msgpack_roundtrip
FN:142,_RNvNtCs7d5gQs0dwLF_8hitz_api5testss_39guest_agent_mode_custom_serde_roundtrip
FN:150,_RNvNtCs7d5gQs0dwLF_8hitz_api5testss_41guest_agent_mode_disabled_serde_roundtrip
FN:326,_RNvNtCs7d5gQs0dwLF_8hitz_api5testss_48should_serialize_and_deserialize_metrics_request
FNDA:5,_RNvNtCs7d5gQs0dwLF_8hitz_api5tests14minimal_config
FNDA:1,_RNvNtCs7d5gQs0dwLF_8hitz_api5testss_17test_vminfo_serde
FNDA:1,_RNvNtCs7d5gQs0dwLF_8hitz_api5testss_19test_apierror_serde
FNDA:1,_RNvNtCs7d5gQs0dwLF_8hitz_api5testss_19test_vmconfig_serde
FNDA:1,_RNvNtCs7d5gQs0dwLF_8hitz_api5testss_22test_vmconfig_with_net
FNDA:1,_RNvNtCs7d5gQs0dwLF_8hitz_api5testss_23test_port_forward_serde
FNDA:1,_RNvNtCs7d5gQs0dwLF_8hitz_api5testss_24test_vmconfig_with_ports
FNDA:1,_RNvNtCs7d5gQs0dwLF_8hitz_api5testss_25test_vmconfig_default_net
FNDA:1,_RNvNtCs7d5gQs0dwLF_8hitz_api5testss_27test_clone_vm_request_serde
FNDA:1,_RNvNtCs7d5gQs0dwLF_8hitz_api5testss_27test_vmconfig_default_ports
FNDA:1,_RNvNtCs7d5gQs0dwLF_8hitz_api5testss_28test_action_vm_request_serde
FNDA:1,_RNvNtCs7d5gQs0dwLF_8hitz_api5testss_28test_create_vm_request_serde
FNDA:1,_RNvNtCs7d5gQs0dwLF_8hitz_api5testss_30test_net_metrics_serialization
FNDA:1,_RNvNtCs7d5gQs0dwLF_8hitz_api5testss_31test_cpu_metrics_default_fields
FNDA:1,_RNvNtCs7d5gQs0dwLF_8hitz_api5testss_31test_disk_metrics_serialization
FNDA:1,_RNvNtCs7d5gQs0dwLF_8hitz_api5testss_31test_memory_metrics_zero_values
FNDA:1,_RNvNtCs7d5gQs0dwLF_8hitz_api5testss_31test_metrics_snapshot_roundtrip
FNDA:1,_RNvNtCs7d5gQs0dwLF_8hitz_api5testss_31test_proc_metrics_serialization
FNDA:1,_RNvNtCs7d5gQs0dwLF_8hitz_api5testss_31test_vmconfig_effective_cmdline
FNDA:1,_RNvNtCs7d5gQs0dwLF_8hitz_api5testss_32guest_agent_mode_default_is_auto
FNDA:1,_RNvNtCs7d5gQs0dwLF_8hitz_api5testss_33default_config_has_correct_values
FNDA:1,_RNvNtCs7d5gQs0dwLF_8hitz_api5testss_34metrics_snapshot_msgpack_roundtrip
FNDA:1,_RNvNtCs7d5gQs0dwLF_8hitz_api5testss_39guest_agent_mode_custom_serde_roundtrip
FNDA:1,_RNvNtCs7d5gQs0dwLF_8hitz_api5testss_41guest_agent_mode_disabled_serde_roundtrip
FNDA:1,_RNvNtCs7d5gQs0dwLF_8hitz_api5testss_48should_serialize_and_deserialize_metrics_request
FNF:25
FNH:25
DA:90,5
DA:91,5
DA:92,5
DA:93,5
DA:94,5
DA:95,5
DA:96,5
DA:97,5
DA:98,5
DA:99,5
DA:100,5
DA:101,5
DA:102,5
DA:103,5
DA:108,1
DA:109,1
DA:110,1
DA:111,1
DA:112,1
DA:113,1
DA:114,1
DA:115,1
DA:116,1
DA:117,1
DA:118,1
DA:119,1
DA:120,1
DA:121,1
DA:122,1
DA:123,1
DA:124,1
DA:125,1
DA:126,1
DA:127,1
DA:128,1
DA:129,1
DA:130,1
DA:131,1
DA:132,1
DA:133,1
DA:136,1
DA:137,1
DA:138,1
DA:139,1
DA:142,1
DA:143,1
DA:144,1
DA:145,1
DA:146,1
DA:147,1
DA:150,1
DA:151,1
DA:152,1
DA:153,1
DA:154,1
DA:155,1
DA:158,1
DA:159,1
DA:160,1
DA:161,1
DA:162,1
DA:163,1
DA:164,1
DA:169,1
DA:170,1
DA:171,1
DA:172,1
DA:173,1
DA:174,1
DA:175,1
DA:176,1
DA:179,1
DA:180,1
DA:181,1
DA:182,1
DA:183,1
DA:184,1
DA:185,1
DA:186,1
DA:187,1
DA:188,1
DA:189,1
DA:190,1
DA:191,1
DA:192,1
DA:193,1
DA:194,1
DA:195,1
DA:196,1
DA:197,1
DA:198,1
DA:199,1
DA:200,1
DA:201,1
DA:202,1
DA:203,1
DA:206,1
DA:207,1
DA:208,1
DA:209,1
DA:210,1
DA:211,1
DA:212,1
DA:213,1
DA:216,1
DA:217,1
DA:218,1
DA:219,1
DA:220,1
DA:221,1
DA:222,1
DA:223,1
DA:226,1
DA:227,1
DA:228,1
DA:229,1
DA:230,1
DA:231,1
DA:232,1
DA:233,1
DA:234,1
DA:235,1
DA:236,1
DA:237,1
DA:238,1
DA:241,1
DA:242,1
DA:243,1
DA:244,1
DA:245,1
DA:246,1
DA:247,1
DA:248,1
DA:251,1
DA:252,1
DA:253,1
DA:254,1
DA:255,1
DA:256,1
DA:257,1
DA:258,1
DA:261,1
DA:262,1
DA:263,1
DA:264,1
DA:265,1
DA:266,1
DA:269,1
DA:270,1
DA:271,1
DA:272,1
DA:273,1
DA:274,1
DA:275,1
DA:276,1
DA:277,1
DA:280,1
DA:281,1
DA:282,1
DA:283,1
DA:284,1
DA:285,1
DA:286,1
DA:287,1
DA:288,1
DA:289,1
DA:290,1
DA:291,1
DA:292,1
DA:295,1
DA:296,1
DA:297,1
DA:298,1
DA:299,1
DA:300,1
DA:301,1
DA:302,1
DA:303,1
DA:306,1
DA:307,1
DA:308,1
DA:309,1
DA:310,1
DA:311,1
DA:312,1
DA:313,1
DA:314,1
DA:315,1
DA:316,1
DA:317,1
DA:318,1
DA:319,1
DA:320,1
DA:323,1
DA:326,1
DA:327,1
DA:328,1
DA:329,1
DA:330,1
DA:331,1
DA:332,1
DA:335,1
DA:336,1
DA:337,1
DA:338,1
DA:339,1
DA:340,1
DA:341,1
DA:342,1
DA:343,1
DA:344,1
DA:345,1
DA:348,1
DA:349,1
DA:350,1
DA:351,1
DA:352,1
DA:353,1
DA:354,1
DA:355,1
DA:356,1
DA:357,1
DA:358,1
DA:359,1
DA:360,1
DA:361,1
DA:362,1
DA:365,1
DA:366,1
DA:367,1
DA:368,1
DA:369,1
DA:370,1
DA:371,1
DA:372,1
DA:373,1
DA:374,1
DA:375,1
DA:376,1
DA:377,1
DA:380,1
DA:381,1
DA:382,1
DA:383,1
DA:384,1
DA:385,1
DA:386,1
DA:387,1
DA:388,1
DA:389,1
DA:390,1
DA:391,1
DA:392,1
DA:393,1
DA:394,1
DA:397,1
DA:398,1
DA:399,1
DA:400,1
DA:401,1
DA:402,1
DA:403,1
DA:404,1
DA:405,1
DA:406,1
DA:407,1
DA:408,1
DA:409,1
DA:412,1
DA:413,1
DA:414,1
DA:415,1
DA:416,1
DA:417,1
DA:418,1
DA:419,1
DA:420,1
DA:421,1
DA:422,1
DA:423,1
DA:424,1
DA:425,1
DA:426,1
DA:427,1
DA:428,1
DA:429,1
DA:430,1
DA:431,1
DA:432,1
DA:433,1
DA:434,1
DA:435,1
DA:436,1
DA:437,1
DA:438,1
DA:439,1
DA:440,1
DA:441,1
DA:442,1
DA:443,1
DA:444,1
DA:445,1
DA:446,1
DA:447,1
DA:448,1
DA:449,1
DA:450,1
DA:451,1
DA:452,1
DA:455,1
DA:456,1
DA:457,1
DA:458,1
DA:461,1
DA:462,1
DA:463,1
DA:464,1
DA:465,1
BRF:0
BRH:0
LF:318
LH:318
end_of_record
SF:/app/crates/hitz-api/src/prometheus.rs
FN:263,_RNvNtNtCs7d5gQs0dwLF_8hitz_api10prometheus5testss_18test_to_prometheus
FN:43,_RNvXNtCs7d5gQs0dwLF_8hitz_api10prometheusNtNtB4_7metrics15MetricsSnapshotNtB2_12ToPrometheus13to_prometheus
FNDA:1,_RNvNtNtCs7d5gQs0dwLF_8hitz_api10prometheus5testss_18test_to_prometheus
FNDA:1,_RNvXNtCs7d5gQs0dwLF_8hitz_api10prometheusNtNtB4_7metrics15MetricsSnapshotNtB2_12ToPrometheus13to_prometheus
FNF:2
FNH:2
DA:43,1
DA:47,1
DA:48,1
DA:72,1
DA:79,2
DA:80,2
DA:81,2
DA:82,2
DA:83,2
DA:84,2
DA:85,2
DA:86,2
DA:87,2
DA:89,1
DA:94,1
DA:96,1
DA:101,1
DA:103,1
DA:108,1
DA:112,1
DA:118,1
DA:124,1
DA:130,1
DA:136,1
DA:142,1
DA:148,1
DA:156,1
DA:157,1
DA:158,1
DA:159,1
DA:160,1
DA:161,1
DA:162,1
DA:163,1
DA:164,1
DA:165,1
DA:166,1
DA:167,1
DA:168,1
DA:169,1
DA:170,1
DA:171,1
DA:172,1
DA:173,1
DA:174,1
DA:175,1
DA:176,1
DA:177,1
DA:178,1
DA:179,1
DA:180,1
DA:181,1
DA:182,1
DA:183,1
DA:184,1
DA:185,1
DA:188,1
DA:189,1
DA:190,1
DA:191,1
DA:192,1
DA:193,1
DA:194,1
DA:195,1
DA:196,1
DA:197,1
DA:198,1
DA:199,1
DA:200,1
DA:201,1
DA:202,1
DA:203,1
DA:204,1
DA:205,1
DA:206,1
DA:207,1
DA:208,1
DA:209,1
DA:210,1
DA:211,1
DA:212,1
DA:213,1
DA:214,1
DA:215,1
DA:216,1
DA:217,1
DA:218,1
DA:219,1
DA:220,1
DA:221,1
DA:222,1
DA:223,1
DA:224,1
DA:225,1
DA:226,1
DA:227,1
DA:228,1
DA:229,1
DA:230,1
DA:231,1
DA:234,1
DA:235,1
DA:236,1
DA:237,1
DA:238,1
DA:239,1
DA:240,1
DA:241,1
DA:242,1
DA:243,1
DA:244,1
DA:245,1
DA:246,1
DA:247,1
DA:248,1
DA:249,1
DA:251,1
DA:252,1
DA:263,1
DA:264,1
DA:265,1
DA:266,1
DA:267,1
DA:268,1
DA:269,1
DA:270,1
DA:271,1
DA:272,1
DA:273,1
DA:274,1
DA:275,1
DA:276,1
DA:277,1
DA:278,1
DA:279,1
DA:280,1
DA:281,1
DA:282,1
DA:283,1
DA:284,1
DA:285,1
DA:286,1
DA:287,1
DA:288,1
DA:289,1
DA:290,1
DA:291,1
DA:292,1
DA:293,1
DA:294,1
DA:295,1
DA:296,1
DA:297,1
DA:298,1
DA:299,1
DA:300,1
DA:301,1
DA:302,1
DA:303,1
DA:305,1
DA:306,1
DA:309,1
DA:310,1
DA:311,1
DA:312,1
DA:313,1
DA:314,1
DA:315,1
DA:316,1
DA:317,1
DA:318,1
DA:319,1
DA:320,1
DA:321,1
DA:322,1
DA:323,1
DA:324,1
DA:325,1
DA:326,1
DA:327,1
DA:328,1
DA:329,1
DA:330,1
DA:331,1
DA:332,1
DA:333,1
DA:336,1
DA:341,25
DA:342,25
DA:343,25
DA:349,1
DA:350,1
DA:351,1
BRF:0
BRH:0
LF:193
LH:193
end_of_record
SF:/app/crates/hitz-api/src/rightsizer.rs
FN:162,_RNvNtNtCs7d5gQs0dwLF_8hitz_api10rightsizer5tests11test_config
FN:177,_RNvNtNtCs7d5gQs0dwLF_8hitz_api10rightsizer5tests13test_snapshot
FN:252,_RNvNtNtCs7d5gQs0dwLF_8hitz_api10rightsizer5testss_22test_scale_down_limits
FN:212,_RNvNtNtCs7d5gQs0dwLF_8hitz_api10rightsizer5testss_25test_scale_up_cpu_and_ram
FN:232,_RNvNtNtCs7d5gQs0dwLF_8hitz_api10rightsizer5testss_27test_scale_down_cpu_and_ram
FN:201,_RNvNtNtCs7d5gQs0dwLF_8hitz_api10rightsizer5testss_37test_no_recommendation_for_healthy_vm
FN:104,_RNvXNtCs7d5gQs0dwLF_8hitz_api10rightsizerNtNtB4_7metrics15MetricsSnapshotNtB2_10RightSizer16recommend_sizing
FNDA:4,_RNvNtNtCs7d5gQs0dwLF_8hitz_api10rightsizer5tests11test_config
FNDA:4,_RNvNtNtCs7d5gQs0dwLF_8hitz_api10rightsizer5tests13test_snapshot
FNDA:1,_RNvNtNtCs7d5gQs0dwLF_8hitz_api10rightsizer5testss_22test_scale_down_limits
FNDA:1,_RNvNtNtCs7d5gQs0dwLF_8hitz_api10rightsizer5testss_25test_scale_up_cpu_and_ram
FNDA:1,_RNvNtNtCs7d5gQs0dwLF_8hitz_api10rightsizer5testss_27test_scale_down_cpu_and_ram
FNDA:1,_RNvNtNtCs7d5gQs0dwLF_8hitz_api10rightsizer5testss_37test_no_recommendation_for_healthy_vm
FNDA:4,_RNvXNtCs7d5gQs0dwLF_8hitz_api10rightsizerNtNtB4_7metrics15MetricsSnapshotNtB2_10RightSizer16recommend_sizing
FNF:7
FNH:7
DA:104,4
DA:107,4
DA:110,4
DA:111,1
DA:112,1
DA:113,1
DA:114,1
DA:115,1
DA:116,1
DA:117,1
DA:118,1
DA:119,3
DA:120,1
DA:121,1
DA:122,1
DA:123,1
DA:124,1
DA:125,2
DA:128,4
DA:129,4
DA:131,4
DA:133,4
DA:135,4
DA:136,1
DA:137,1
DA:138,1
DA:139,1
DA:140,1
DA:141,1
DA:142,3
DA:143,1
DA:144,1
DA:145,1
DA:146,1
DA:147,1
DA:148,1
DA:149,2
DA:150,0
DA:152,4
DA:153,4
DA:162,4
DA:163,4
DA:164,4
DA:165,4
DA:166,4
DA:167,4
DA:168,4
DA:169,4
DA:170,4
DA:171,4
DA:172,4
DA:173,4
DA:174,4
DA:175,4
DA:177,4
DA:178,4
DA:179,4
DA:180,4
DA:181,4
DA:182,4
DA:183,4
DA:184,4
DA:185,4
DA:186,4
DA:187,4
DA:188,4
DA:189,4
DA:190,4
DA:191,4
DA:192,4
DA:193,4
DA:194,4
DA:195,4
DA:196,4
DA:197,4
DA:198,4
DA:201,1
DA:202,1
DA:203,1
DA:204,1
DA:205,1
DA:206,1
DA:209,1
DA:212,1
DA:213,1
DA:214,1
DA:215,1
DA:217,1
DA:218,1
DA:219,1
DA:222,1
DA:223,1
DA:229,1
DA:232,1
DA:233,1
DA:234,1
DA:235,1
DA:237,1
DA:238,1
DA:239,1
DA:242,1
DA:243,1
DA:249,1
DA:252,1
DA:253,1
DA:254,1
DA:255,1
DA:258,1
DA:259,1
DA:262,1
BRF:0
BRH:0
LF:110
LH:109
end_of_record
SF:/app/crates/hitz-api/src/sentinel.rs
FN:344,_RNvNtNtCs7d5gQs0dwLF_8hitz_api8sentinel5testss_27test_sentinel_rule_evaluate
FN:202,_RNvNtNtCs7d5gQs0dwLF_8hitz_api8sentinel5testss_40test_sentinel_rule_evaluate_table_driven
FN:179,_RNvMNtCs7d5gQs0dwLF_8hitz_api8sentinelNtB2_12SentinelRule8evaluate
FNDA:1,_RNvNtNtCs7d5gQs0dwLF_8hitz_api8sentinel5testss_27test_sentinel_rule_evaluate
FNDA:1,_RNvNtNtCs7d5gQs0dwLF_8hitz_api8sentinel5testss_40test_sentinel_rule_evaluate_table_driven
FNDA:12,_RNvMNtCs7d5gQs0dwLF_8hitz_api8sentinelNtB2_12SentinelRule8evaluate
FNF:3
FNH:3
DA:179,12
DA:180,12
DA:181,8
DA:183,4
DA:186,12
DA:187,6
DA:188,3
DA:189,3
DA:191,12
DA:202,1
DA:212,1
DA:214,1
DA:215,1
DA:216,1
DA:217,1
DA:218,1
DA:219,1
DA:220,1
DA:221,1
DA:222,1
DA:223,1
DA:224,1
DA:225,1
DA:226,1
DA:227,1
DA:228,1
DA:229,1
DA:231,1
DA:232,1
DA:233,1
DA:234,1
DA:235,1
DA:236,1
DA:237,1
DA:238,1
DA:239,1
DA:240,1
DA:241,1
DA:242,1
DA:243,1
DA:244,1
DA:245,1
DA:246,1
DA:248,1
DA:249,1
DA:250,1
DA:251,1
DA:252,1
DA:253,1
DA:254,1
DA:255,1
DA:256,1
DA:257,1
DA:258,1
DA:259,1
DA:260,1
DA:261,1
DA:262,1
DA:263,1
DA:265,1
DA:266,1
DA:267,1
DA:268,1
DA:269,1
DA:270,1
DA:271,1
DA:272,1
DA:273,1
DA:274,1
DA:275,1
DA:276,1
DA:277,1
DA:278,1
DA:279,1
DA:280,1
DA:282,1
DA:283,1
DA:284,1
DA:285,1
DA:286,1
DA:287,1
DA:288,1
DA:289,1
DA:291,1
DA:292,1
DA:293,1
DA:294,1
DA:295,1
DA:296,1
DA:297,1
DA:298,1
DA:301,10
DA:302,10
DA:303,10
DA:304,10
DA:305,10
DA:306,10
DA:307,10
DA:308,10
DA:309,10
DA:311,10
DA:312,10
DA:313,10
DA:314,10
DA:315,10
DA:316,10
DA:317,10
DA:318,10
DA:319,10
DA:320,10
DA:321,10
DA:322,10
DA:323,10
DA:324,10
DA:325,10
DA:326,10
DA:327,10
DA:328,10
DA:329,10
DA:330,10
DA:332,10
DA:333,10
DA:341,1
DA:344,1
DA:345,1
DA:346,1
DA:347,1
DA:348,1
DA:349,1
DA:350,1
DA:351,1
DA:352,1
DA:354,1
DA:355,1
DA:356,1
DA:357,1
DA:358,1
DA:359,1
DA:360,1
DA:361,1
DA:362,1
DA:363,1
DA:364,1
DA:365,1
DA:366,1
DA:367,1
DA:368,1
DA:369,1
DA:370,1
DA:371,1
DA:372,1
DA:373,1
DA:375,1
DA:377,1
DA:378,1
DA:379,1
BRF:0
BRH:0
LF:156
LH:156
end_of_record
SF:/app/crates/hitz-api/src/simulator.rs
FN:78,_RNvMNtCs7d5gQs0dwLF_8hitz_api9simulatorNtB2_11VmSimulator3new
FN:89,_RNvXs_NtCs7d5gQs0dwLF_8hitz_api9simulatorNtB4_11VmSimulatorNtNtNtNtCs4kUJL3MZFFz_4core4iter6traits8iterator8Iterator4next
FN:175,_RNvNtNtCs7d5gQs0dwLF_8hitz_api9simulator5testss_17test_idle_profile
FN:138,_RNvNtNtCs7d5gQs0dwLF_8hitz_api9simulator5testss_22test_cpu_spike_profile
FN:157,_RNvNtNtCs7d5gQs0dwLF_8hitz_api9simulator5testss_24test_memory_leak_profile
FN:194,_RNvNtNtCs7d5gQs0dwLF_8hitz_api9simulator5testss_39test_simulator_health_check_integration
FNDA:4,_RNvMNtCs7d5gQs0dwLF_8hitz_api9simulatorNtB2_11VmSimulator3new
FNDA:23,_RNvXs_NtCs7d5gQs0dwLF_8hitz_api9simulatorNtB4_11VmSimulatorNtNtNtNtCs4kUJL3MZFFz_4core4iter6traits8iterator8Iterator4next
FNDA:1,_RNvNtNtCs7d5gQs0dwLF_8hitz_api9simulator5testss_17test_idle_profile
FNDA:1,_RNvNtNtCs7d5gQs0dwLF_8hitz_api9simulator5testss_22test_cpu_spike_profile
FNDA:1,_RNvNtNtCs7d5gQs0dwLF_8hitz_api9simulator5testss_24test_memory_leak_profile
FNDA:1,_RNvNtNtCs7d5gQs0dwLF_8hitz_api9simulator5testss_39test_simulator_health_check_integration
FNF:6
FNH:6
DA:78,4
DA:79,4
DA:80,4
DA:81,4
DA:82,4
DA:83,4
DA:89,23
DA:90,23
DA:94,18
DA:95,18
DA:99,3
DA:103,2
DA:107,23
DA:109,23
DA:110,23
DA:111,23
DA:112,23
DA:113,23
DA:114,23
DA:115,23
DA:116,23
DA:117,23
DA:118,23
DA:119,23
DA:120,23
DA:121,23
DA:122,23
DA:123,23
DA:124,23
DA:125,23
DA:126,23
DA:127,23
DA:128,23
DA:129,23
DA:138,1
DA:139,1
DA:140,1
DA:141,1
DA:143,10
DA:144,10
DA:145,7
DA:146,7
DA:147,0
DA:149,1
DA:150,1
DA:153,1
DA:157,1
DA:158,1
DA:159,1
DA:160,1
DA:161,1
DA:163,1
DA:164,1
DA:167,1
DA:168,1
DA:171,1
DA:175,1
DA:176,1
DA:177,1
DA:178,1
DA:180,1
DA:184,1
DA:188,1
DA:194,1
DA:197,1
DA:200,1
DA:201,1
DA:204,1
DA:205,1
DA:206,7
DA:207,7
DA:208,1
DA:209,1
DA:210,6
DA:213,1
DA:214,1
DA:217,1
BRF:0
BRH:0
LF:77
LH:76
end_of_record
SF:/app/crates/hitz-api/src/terraform.rs
FN:71,_RNvNtNtCs7d5gQs0dwLF_8hitz_api9terraform5testss_23test_to_terraform_basic
FN:40,_RNvXNtCs7d5gQs0dwLF_8hitz_api9terraformNtNtB4_6config8VmConfigNtB2_11ToTerraform12to_terraform
FNDA:1,_RNvNtNtCs7d5gQs0dwLF_8hitz_api9terraform5testss_23test_to_terraform_basic
FNDA:1,_RNvXNtCs7d5gQs0dwLF_8hitz_api9terraformNtNtB4_6config8VmConfigNtB2_11ToTerraform12to_terraform
FNF:2
FNH:2
DA:40,1
DA:41,1
DA:42,1
DA:44,1
DA:45,0
DA:46,1
DA:47,1
DA:48,0
DA:49,1
DA:50,1
DA:51,1
DA:53,1
DA:54,0
DA:55,1
DA:57,1
DA:58,1
DA:60,1
DA:61,1
DA:71,1
DA:72,1
DA:73,1
DA:74,1
DA:75,1
DA:76,1
DA:77,1
DA:78,1
DA:79,1
DA:80,1
DA:81,1
DA:82,1
DA:83,1
DA:85,1
DA:86,1
DA:87,1
DA:88,1
DA:89,1
DA:90,1
BRF:0
BRH:0
LF:37
LH:34
end_of_record
SF:/app/crates/hitz-boot/src/acpi.rs
FN:82,_RNCNvNtCs2IGZeOkz4bk_9hitz_boot4acpi13acpi_checksum0B5_
FN:227,_RNvMNtCs2IGZeOkz4bk_9hitz_boot4acpiNtB2_14MadtLapicEntry8to_bytes
FN:268,_RNvNtCs2IGZeOkz4bk_9hitz_boot4acpi10build_madt
FN:108,_RNvNtCs2IGZeOkz4bk_9hitz_boot4acpi10build_rsdp
FN:194,_RNvNtCs2IGZeOkz4bk_9hitz_boot4acpi10build_xsdt
FN:81,_RNvNtCs2IGZeOkz4bk_9hitz_boot4acpi13acpi_checksum
FN:145,_RNvNtCs2IGZeOkz4bk_9hitz_boot4acpi16build_sdt_header
FN:320,_RNCNvNtNtCs2IGZeOkz4bk_9hitz_boot4acpi5tests15verify_checksum0B7_
FN:319,_RNvNtNtCs2IGZeOkz4bk_9hitz_boot4acpi5tests15verify_checksum
FN:368,_RNvNtNtCs2IGZeOkz4bk_9hitz_boot4acpi5testss_10madt_1_cpu
FN:399,_RNvNtNtCs2IGZeOkz4bk_9hitz_boot4acpi5testss_11madt_4_cpus
FN:334,_RNvNtNtCs2IGZeOkz4bk_9hitz_boot4acpi5testss_14rsdp_signature
FN:340,_RNvNtNtCs2IGZeOkz4bk_9hitz_boot4acpi5testss_15rsdp_revision_2
FN:423,_RNvNtNtCs2IGZeOkz4bk_9hitz_boot4acpi5testss_17madt_0_cpus_fails
FN:346,_RNvNtNtCs2IGZeOkz4bk_9hitz_boot4acpi5testss_17rsdp_xsdt_pointer
FN:434,_RNvNtNtCs2IGZeOkz4bk_9hitz_boot4acpi5testss_19madt_256_cpus_fails
FN:354,_RNvNtNtCs2IGZeOkz4bk_9hitz_boot4acpi5testss_19xsdt_checksum_valid
FN:325,_RNvNtNtCs2IGZeOkz4bk_9hitz_boot4acpi5testss_20rsdp_checksums_valid
FN:360,_RNvNtNtCs2IGZeOkz4bk_9hitz_boot4acpi5testss_26xsdt_contains_madt_pointer
FNDA:440,_RNCNvNtCs2IGZeOkz4bk_9hitz_boot4acpi13acpi_checksum0B5_
FNDA:5,_RNvMNtCs2IGZeOkz4bk_9hitz_boot4acpiNtB2_14MadtLapicEntry8to_bytes
FNDA:4,_RNvNtCs2IGZeOkz4bk_9hitz_boot4acpi10build_madt
FNDA:4,_RNvNtCs2IGZeOkz4bk_9hitz_boot4acpi10build_rsdp
FNDA:2,_RNvNtCs2IGZeOkz4bk_9hitz_boot4acpi10build_xsdt
FNDA:12,_RNvNtCs2IGZeOkz4bk_9hitz_boot4acpi13acpi_checksum
FNDA:4,_RNvNtCs2IGZeOkz4bk_9hitz_boot4acpi16build_sdt_header
FNDA:228,_RNCNvNtNtCs2IGZeOkz4bk_9hitz_boot4acpi5tests15verify_checksum0B7_
FNDA:5,_RNvNtNtCs2IGZeOkz4bk_9hitz_boot4acpi5tests15verify_checksum
FNDA:1,_RNvNtNtCs2IGZeOkz4bk_9hitz_boot4acpi5testss_10madt_1_cpu
FNDA:1,_RNvNtNtCs2IGZeOkz4bk_9hitz_boot4acpi5testss_11madt_4_cpus
FNDA:1,_RNvNtNtCs2IGZeOkz4bk_9hitz_boot4acpi5testss_14rsdp_signature
FNDA:1,_RNvNtNtCs2IGZeOkz4bk_9hitz_boot4acpi5testss_15rsdp_revision_2
FNDA:1,_RNvNtNtCs2IGZeOkz4bk_9hitz_boot4acpi5testss_17madt_0_cpus_fails
FNDA:1,_RNvNtNtCs2IGZeOkz4bk_9hitz_boot4acpi5testss_17rsdp_xsdt_pointer
FNDA:1,_RNvNtNtCs2IGZeOkz4bk_9hitz_boot4acpi5testss_19madt_256_cpus_fails
FNDA:1,_RNvNtNtCs2IGZeOkz4bk_9hitz_boot4acpi5testss_19xsdt_checksum_valid
FNDA:1,_RNvNtNtCs2IGZeOkz4bk_9hitz_boot4acpi5testss_20rsdp_checksums_valid
FNDA:1,_RNvNtNtCs2IGZeOkz4bk_9hitz_boot4acpi5testss_26xsdt_contains_madt_pointer
FNF:19
FNH:19
DA:81,12
DA:82,440
DA:83,12
DA:84,12
DA:108,4
DA:109,4
DA:112,4
DA:115,4
DA:118,4
DA:123,4
DA:126,4
DA:129,4
DA:130,4
DA:133,4
DA:134,4
DA:136,4
DA:137,4
DA:145,4
DA:146,4
DA:149,4
DA:152,4
DA:155,4
DA:160,4
DA:163,4
DA:166,4
DA:169,4
DA:172,4
DA:174,4
DA:175,4
DA:194,2
DA:195,2
DA:196,2
DA:198,2
DA:199,2
DA:200,2
DA:203,2
DA:204,2
DA:206,2
DA:207,2
DA:227,5
DA:228,5
DA:229,5
DA:230,5
DA:231,5
DA:232,5
DA:233,5
DA:234,5
DA:235,5
DA:268,4
DA:269,4
DA:270,1
DA:271,1
DA:272,1
DA:273,3
DA:274,3
DA:275,1
DA:276,1
DA:277,1
DA:278,2
DA:280,2
DA:281,2
DA:282,2
DA:284,2
DA:285,2
DA:288,2
DA:291,2
DA:294,5
DA:295,5
DA:296,5
DA:297,5
DA:298,5
DA:299,5
DA:300,5
DA:301,5
DA:302,5
DA:303,5
DA:306,2
DA:307,2
DA:309,2
DA:310,4
DA:319,5
DA:320,228
DA:321,5
DA:322,5
DA:325,1
DA:326,1
DA:328,1
DA:330,1
DA:331,1
DA:334,1
DA:335,1
DA:336,1
DA:337,1
DA:340,1
DA:341,1
DA:342,1
DA:343,1
DA:346,1
DA:347,1
DA:348,1
DA:349,1
DA:350,1
DA:351,1
DA:354,1
DA:355,1
DA:356,1
DA:357,1
DA:360,1
DA:361,1
DA:362,1
DA:363,1
DA:364,1
DA:365,1
DA:368,1
DA:369,1
DA:372,1
DA:375,1
DA:378,1
DA:381,1
DA:382,1
DA:385,1
DA:386,1
DA:387,1
DA:390,1
DA:391,1
DA:392,1
DA:393,1
DA:394,1
DA:395,1
DA:396,1
DA:399,1
DA:400,1
DA:403,1
DA:406,1
DA:409,1
DA:410,1
DA:411,1
DA:412,1
DA:413,1
DA:414,1
DA:415,1
DA:416,1
DA:417,1
DA:419,1
DA:420,1
DA:423,1
DA:424,1
DA:425,1
DA:426,1
DA:427,1
DA:428,1
DA:431,1
DA:434,1
DA:435,1
DA:436,1
DA:437,1
DA:438,1
DA:439,1
DA:442,1
BRF:0
BRH:0
LF:161
LH:161
end_of_record
SF:/app/crates/hitz-boot/src/boot_params.rs
FN:330,_RNvMs0_NtCs2IGZeOkz4bk_9hitz_boot11boot_paramsNtB5_10BootParams8as_bytes
FN:191,_RNvXs_NtCs2IGZeOkz4bk_9hitz_boot11boot_paramsNtB4_10BootParamsNtNtCs4kUJL3MZFFz_4core3fmt5Debug3fmt
FN:314,_RNvNtCs2IGZeOkz4bk_9hitz_boot11boot_params13set_acpi_rsdp
FN:230,_RNvNtCs2IGZeOkz4bk_9hitz_boot11boot_params17build_boot_params
FN:293,_RNvNtCs2IGZeOkz4bk_9hitz_boot11boot_params20set_initramfs_params
FN:175,_RNvXNtCs2IGZeOkz4bk_9hitz_boot11boot_paramsNtB2_10BootParamsNtNtCs4kUJL3MZFFz_4core7default7Default7default
FN:360,_RNvNtNtCs2IGZeOkz4bk_9hitz_boot11boot_params5tests11unpack_e820
FN:350,_RNvNtNtCs2IGZeOkz4bk_9hitz_boot11boot_params5testss_15e820_entry_size
FN:368,_RNvNtNtCs2IGZeOkz4bk_9hitz_boot11boot_params5testss_16boot_params_e820
FN:345,_RNvNtNtCs2IGZeOkz4bk_9hitz_boot11boot_params5testss_16boot_params_size
FN:355,_RNvNtNtCs2IGZeOkz4bk_9hitz_boot11boot_params5testss_17setup_header_size
FN:463,_RNvNtNtCs2IGZeOkz4bk_9hitz_boot11boot_params5testss_19set_acpi_rsdp_works
FN:396,_RNvNtNtCs2IGZeOkz4bk_9hitz_boot11boot_params5testss_19setup_header_fields
FN:473,_RNvNtNtCs2IGZeOkz4bk_9hitz_boot11boot_params5testss_21acpi_rsdp_addr_offset
FN:419,_RNvNtNtCs2IGZeOkz4bk_9hitz_boot11boot_params5testss_25boot_params_too_small_ram
FN:426,_RNvNtNtCs2IGZeOkz4bk_9hitz_boot11boot_params5testss_26set_initramfs_params_works
FN:440,_RNvNtNtCs2IGZeOkz4bk_9hitz_boot11boot_params5testss_34set_initramfs_params_gpa_too_large
FN:451,_RNvNtNtCs2IGZeOkz4bk_9hitz_boot11boot_params5testss_35set_initramfs_params_size_too_large
FNDA:0,_RNvMs0_NtCs2IGZeOkz4bk_9hitz_boot11boot_paramsNtB5_10BootParams8as_bytes
FNDA:0,_RNvXs_NtCs2IGZeOkz4bk_9hitz_boot11boot_paramsNtB4_10BootParamsNtNtCs4kUJL3MZFFz_4core3fmt5Debug3fmt
FNDA:1,_RNvNtCs2IGZeOkz4bk_9hitz_boot11boot_params13set_acpi_rsdp
FNDA:3,_RNvNtCs2IGZeOkz4bk_9hitz_boot11boot_params17build_boot_params
FNDA:3,_RNvNtCs2IGZeOkz4bk_9hitz_boot11boot_params20set_initramfs_params
FNDA:7,_RNvXNtCs2IGZeOkz4bk_9hitz_boot11boot_paramsNtB2_10BootParamsNtNtCs4kUJL3MZFFz_4core7default7Default7default
FNDA:3,_RNvNtNtCs2IGZeOkz4bk_9hitz_boot11boot_params5tests11unpack_e820
FNDA:1,_RNvNtNtCs2IGZeOkz4bk_9hitz_boot11boot_params5testss_15e820_entry_size
FNDA:1,_RNvNtNtCs2IGZeOkz4bk_9hitz_boot11boot_params5testss_16boot_params_e820
FNDA:1,_RNvNtNtCs2IGZeOkz4bk_9hitz_boot11boot_params5testss_16boot_params_size
FNDA:1,_RNvNtNtCs2IGZeOkz4bk_9hitz_boot11boot_params5testss_17setup_header_size
FNDA:1,_RNvNtNtCs2IGZeOkz4bk_9hitz_boot11boot_params5testss_19set_acpi_rsdp_works
FNDA:1,_RNvNtNtCs2IGZeOkz4bk_9hitz_boot11boot_params5testss_19setup_header_fields
FNDA:1,_RNvNtNtCs2IGZeOkz4bk_9hitz_boot11boot_params5testss_21acpi_rsdp_addr_offset
FNDA:1,_RNvNtNtCs2IGZeOkz4bk_9hitz_boot11boot_params5testss_25boot_params_too_small_ram
FNDA:1,_RNvNtNtCs2IGZeOkz4bk_9hitz_boot11boot_params5testss_26set_initramfs_params_works
FNDA:1,_RNvNtNtCs2IGZeOkz4bk_9hitz_boot11boot_params5testss_34set_initramfs_params_gpa_too_large
FNDA:1,_RNvNtNtCs2IGZeOkz4bk_9hitz_boot11boot_params5testss_35set_initramfs_params_size_too_large
FNF:18
FNH:16
DA:175,7
DA:176,7
DA:177,7
DA:178,7
DA:179,7
DA:180,7
DA:181,7
DA:182,7
DA:183,7
DA:184,7
DA:185,7
DA:186,7
DA:187,7
DA:191,0
DA:193,0
DA:194,0
DA:195,0
DA:196,0
DA:197,0
DA:198,0
DA:199,0
DA:200,0
DA:201,0
DA:202,0
DA:203,0
DA:204,0
DA:205,0
DA:206,0
DA:207,0
DA:230,3
DA:231,3
DA:232,1
DA:233,1
DA:234,1
DA:235,2
DA:237,2
DA:240,2
DA:241,2
DA:242,2
DA:243,2
DA:244,2
DA:245,2
DA:246,2
DA:249,2
DA:250,2
DA:251,2
DA:252,2
DA:253,2
DA:254,2
DA:255,2
DA:256,2
DA:257,2
DA:258,2
DA:259,2
DA:260,2
DA:261,2
DA:262,2
DA:263,2
DA:264,2
DA:266,2
DA:267,3
DA:293,3
DA:294,3
DA:295,3
DA:296,1
DA:297,1
DA:298,1
DA:299,2
DA:300,2
DA:301,1
DA:302,1
DA:303,1
DA:304,1
DA:305,1
DA:306,1
DA:307,1
DA:308,3
DA:314,1
DA:315,1
DA:316,1
DA:330,0
DA:332,0
DA:333,0
DA:334,0
DA:335,0
DA:337,0
DA:345,1
DA:346,1
DA:347,1
DA:350,1
DA:351,1
DA:352,1
DA:355,1
DA:356,1
DA:357,1
DA:360,3
DA:361,3
DA:362,3
DA:363,3
DA:364,3
DA:365,3
DA:368,1
DA:369,1
DA:370,1
DA:371,1
DA:373,1
DA:376,1
DA:377,1
DA:378,1
DA:379,1
DA:382,1
DA:383,1
DA:384,1
DA:385,1
DA:388,1
DA:389,1
DA:390,1
DA:391,1
DA:392,1
DA:396,1
DA:397,1
DA:398,1
DA:401,1
DA:402,1
DA:403,1
DA:404,1
DA:405,1
DA:406,1
DA:407,1
DA:409,1
DA:410,1
DA:411,1
DA:412,1
DA:413,1
DA:414,1
DA:415,1
DA:416,1
DA:419,1
DA:420,1
DA:421,1
DA:422,1
DA:426,1
DA:427,1
DA:428,1
DA:429,1
DA:431,1
DA:433,1
DA:434,1
DA:435,1
DA:436,1
DA:437,1
DA:440,1
DA:441,1
DA:442,1
DA:443,1
DA:444,1
DA:445,1
DA:448,1
DA:451,1
DA:452,1
DA:453,1
DA:454,1
DA:455,1
DA:456,1
DA:457,1
DA:460,1
DA:463,1
DA:464,1
DA:465,1
DA:466,1
DA:467,1
DA:468,1
DA:469,1
DA:470,1
DA:473,1
DA:475,1
DA:476,1
DA:477,1
DA:478,1
DA:479,1
DA:483,1
BRF:0
BRH:0
LF:181
LH:159
end_of_record
SF:/app/crates/hitz-boot/src/cpio.rs
FN:58,_RNvMNtCs2IGZeOkz4bk_9hitz_boot4cpioNtB2_11CpioBuilder13with_capacity
FN:145,_RNvXs_NtCs2IGZeOkz4bk_9hitz_boot4cpioNtB4_11CpioBuilderNtNtCs4kUJL3MZFFz_4core7default7Default7default
FN:93,_RNvMNtCs2IGZeOkz4bk_9hitz_boot4cpioNtB2_11CpioBuilder12append_entry
FN:44,_RNvMNtCs2IGZeOkz4bk_9hitz_boot4cpioNtB2_11CpioBuilder3new
FN:88,_RNvMNtCs2IGZeOkz4bk_9hitz_boot4cpioNtB2_11CpioBuilder6finish
FN:76,_RNvMNtCs2IGZeOkz4bk_9hitz_boot4cpioNtB2_11CpioBuilder8add_file
FN:164,_RNvNtNtCs2IGZeOkz4bk_9hitz_boot4cpio5testss_21single_file_roundtrip
FN:183,_RNvNtNtCs2IGZeOkz4bk_9hitz_boot4cpio5testss_22two_files_both_present
FN:155,_RNvNtNtCs2IGZeOkz4bk_9hitz_boot4cpio5testss_25empty_archive_has_trailer
FN:195,_RNvNtNtCs2IGZeOkz4bk_9hitz_boot4cpio5testss_25file_mode_is_regular_file
FNDA:0,_RNvMNtCs2IGZeOkz4bk_9hitz_boot4cpioNtB2_11CpioBuilder13with_capacity
FNDA:0,_RNvXs_NtCs2IGZeOkz4bk_9hitz_boot4cpioNtB4_11CpioBuilderNtNtCs4kUJL3MZFFz_4core7default7Default7default
FNDA:520,_RNvMNtCs2IGZeOkz4bk_9hitz_boot4cpioNtB2_11CpioBuilder12append_entry
FNDA:260,_RNvMNtCs2IGZeOkz4bk_9hitz_boot4cpioNtB2_11CpioBuilder3new
FNDA:260,_RNvMNtCs2IGZeOkz4bk_9hitz_boot4cpioNtB2_11CpioBuilder6finish
FNDA:260,_RNvMNtCs2IGZeOkz4bk_9hitz_boot4cpioNtB2_11CpioBuilder8add_file
FNDA:1,_RNvNtNtCs2IGZeOkz4bk_9hitz_boot4cpio5testss_21single_file_roundtrip
FNDA:1,_RNvNtNtCs2IGZeOkz4bk_9hitz_boot4cpio5testss_22two_files_both_present
FNDA:1,_RNvNtNtCs2IGZeOkz4bk_9hitz_boot4cpio5testss_25empty_archive_has_trailer
FNDA:1,_RNvNtNtCs2IGZeOkz4bk_9hitz_boot4cpio5testss_25file_mode_is_regular_file
FNF:10
FNH:8
DA:44,260
DA:45,260
DA:46,260
DA:47,260
DA:48,260
DA:49,260
DA:58,0
DA:59,0
DA:60,0
DA:61,0
DA:62,0
DA:63,0
DA:76,260
DA:77,260
DA:78,260
DA:79,260
DA:88,260
DA:89,260
DA:90,260
DA:91,260
DA:93,520
DA:94,520
DA:95,520
DA:99,520
DA:101,520
DA:104,520
DA:105,520
DA:106,520
DA:122,520
DA:123,520
DA:128,520
DA:131,520
DA:132,520
DA:133,520
DA:134,520
DA:135,520
DA:138,520
DA:139,520
DA:140,520
DA:141,520
DA:145,0
DA:146,0
DA:147,0
DA:155,1
DA:156,1
DA:158,1
DA:160,1
DA:161,1
DA:164,1
DA:165,1
DA:166,1
DA:167,1
DA:168,1
DA:170,1
DA:172,1
DA:175,1
DA:176,1
DA:177,1
DA:178,1
DA:179,1
DA:180,1
DA:183,1
DA:184,1
DA:185,1
DA:186,1
DA:187,1
DA:189,1
DA:190,1
DA:191,1
DA:192,1
DA:195,1
DA:196,1
DA:197,1
DA:198,1
DA:201,1
DA:202,1
DA:205,1
DA:207,1
DA:208,1
BRF:0
BRH:0
LF:79
LH:70
end_of_record
SF:/app/crates/hitz-boot/src/initramfs.rs
FN:144,_RNvXs_NtNtCs2IGZeOkz4bk_9hitz_boot9initramfs5testsNtB4_10MockWriterNtNtB8_6loader14GuestMemWriter12write_zeroes
FN:127,_RNvMNtNtCs2IGZeOkz4bk_9hitz_boot9initramfs5testsNtB2_10MockWriter3new
FN:133,_RNvMNtNtCs2IGZeOkz4bk_9hitz_boot9initramfs5testsNtB2_10MockWriter6writes
FN:176,_RNvNtNtCs2IGZeOkz4bk_9hitz_boot9initramfs5testss_14page_alignment
FN:189,_RNvNtNtCs2IGZeOkz4bk_9hitz_boot9initramfs5testss_15successful_load
FN:153,_RNvNtNtCs2IGZeOkz4bk_9hitz_boot9initramfs5testss_16empty_data_error
FN:160,_RNvNtNtCs2IGZeOkz4bk_9hitz_boot9initramfs5testss_17exceeds_ram_error
FN:209,_RNvNtNtCs2IGZeOkz4bk_9hitz_boot9initramfs5testss_26kernel_end_already_aligned
FN:139,_RNvXs_NtNtCs2IGZeOkz4bk_9hitz_boot9initramfs5testsNtB4_10MockWriterNtNtB8_6loader14GuestMemWriter11write_bytes
FN:84,_RINvNtCs2IGZeOkz4bk_9hitz_boot9initramfs14load_initramfsNtNtB2_5tests10MockWriterEB4_
FNDA:0,_RNvXs_NtNtCs2IGZeOkz4bk_9hitz_boot9initramfs5testsNtB4_10MockWriterNtNtB8_6loader14GuestMemWriter12write_zeroes
FNDA:5,_RNvMNtNtCs2IGZeOkz4bk_9hitz_boot9initramfs5testsNtB2_10MockWriter3new
FNDA:2,_RNvMNtNtCs2IGZeOkz4bk_9hitz_boot9initramfs5testsNtB2_10MockWriter6writes
FNDA:1,_RNvNtNtCs2IGZeOkz4bk_9hitz_boot9initramfs5testss_14page_alignment
FNDA:1,_RNvNtNtCs2IGZeOkz4bk_9hitz_boot9initramfs5testss_15successful_load
FNDA:1,_RNvNtNtCs2IGZeOkz4bk_9hitz_boot9initramfs5testss_16empty_data_error
FNDA:1,_RNvNtNtCs2IGZeOkz4bk_9hitz_boot9initramfs5testss_17exceeds_ram_error
FNDA:1,_RNvNtNtCs2IGZeOkz4bk_9hitz_boot9initramfs5testss_26kernel_end_already_aligned
FNDA:3,_RNvXs_NtNtCs2IGZeOkz4bk_9hitz_boot9initramfs5testsNtB4_10MockWriterNtNtB8_6loader14GuestMemWriter11write_bytes
FNDA:5,_RINvNtCs2IGZeOkz4bk_9hitz_boot9initramfs14load_initramfsNtNtB2_5tests10MockWriterEB4_
FNF:10
FNH:9
DA:84,5
DA:85,5
DA:86,5
DA:87,5
DA:88,5
DA:89,5
DA:90,5
DA:91,1
DA:92,1
DA:93,1
DA:94,4
DA:97,4
DA:98,4
DA:100,4
DA:101,1
DA:102,1
DA:103,1
DA:104,1
DA:105,3
DA:107,3
DA:109,3
DA:110,3
DA:111,3
DA:112,3
DA:113,5
DA:127,5
DA:128,5
DA:129,5
DA:130,5
DA:131,5
DA:133,2
DA:134,2
DA:135,2
DA:139,3
DA:140,3
DA:141,3
DA:142,3
DA:144,0
DA:145,0
DA:146,0
DA:147,0
DA:148,0
DA:149,0
DA:153,1
DA:154,1
DA:155,1
DA:156,1
DA:157,1
DA:160,1
DA:161,1
DA:162,1
DA:167,1
DA:168,1
DA:169,1
DA:170,1
DA:173,1
DA:176,1
DA:177,1
DA:178,1
DA:180,1
DA:181,1
DA:184,1
DA:185,1
DA:186,1
DA:189,1
DA:190,1
DA:191,1
DA:192,1
DA:193,1
DA:195,1
DA:196,1
DA:199,1
DA:200,1
DA:202,1
DA:203,1
DA:204,1
DA:205,1
DA:206,1
DA:209,1
DA:210,1
DA:211,1
DA:213,1
DA:215,1
DA:216,1
DA:219,1
DA:220,1
DA:222,1
DA:223,1
DA:224,1
DA:225,1
BRF:0
BRH:0
LF:90
LH:84
end_of_record
SF:/app/crates/hitz-boot/src/loader.rs
FN:313,_RNvMNtNtCs2IGZeOkz4bk_9hitz_boot6loader5testsNtB2_10MockWriter3new
FN:319,_RNvMNtNtCs2IGZeOkz4bk_9hitz_boot6loader5testsNtB2_10MockWriter6writes
FN:340,_RNvNtNtCs2IGZeOkz4bk_9hitz_boot6loader5tests13make_test_elf
FN:372,_RNvNtNtCs2IGZeOkz4bk_9hitz_boot6loader5tests22make_test_elf_with_bss
FN:472,_RNvNtNtCs2IGZeOkz4bk_9hitz_boot6loader5testss_12empty_kernel
FN:461,_RNvNtNtCs2IGZeOkz4bk_9hitz_boot6loader5testss_13invalid_magic
FN:482,_RNvNtNtCs2IGZeOkz4bk_9hitz_boot6loader5testss_13wrong_machine
FN:414,_RNvNtNtCs2IGZeOkz4bk_9hitz_boot6loader5testss_16load_minimal_elf
FN:436,_RNvNtNtCs2IGZeOkz4bk_9hitz_boot6loader5testss_17load_elf_with_bss
FN:404,_RNvNtNtCs2IGZeOkz4bk_9hitz_boot6loader5testss_21elf_header_size_check
FN:409,_RNvNtNtCs2IGZeOkz4bk_9hitz_boot6loader5testss_25program_header_size_check
FN:495,_RNvNtNtCs2IGZeOkz4bk_9hitz_boot6loader5testss_9not_elf64
FN:325,_RNvXs_NtNtCs2IGZeOkz4bk_9hitz_boot6loader5testsNtB4_10MockWriterNtB6_14GuestMemWriter11write_bytes
FN:330,_RNvXs_NtNtCs2IGZeOkz4bk_9hitz_boot6loader5testsNtB4_10MockWriterNtB6_14GuestMemWriter12write_zeroes
FN:219,_RINvNtCs2IGZeOkz4bk_9hitz_boot6loader8load_elfNtNtB2_5tests10MockWriterEB4_
FN:233,_RNCINvNtCs2IGZeOkz4bk_9hitz_boot6loader8load_elfNtNtB4_5tests10MockWriterE0B6_
FN:252,_RNCINvNtCs2IGZeOkz4bk_9hitz_boot6loader8load_elfNtNtB4_5tests10MockWriterEs0_0B6_
FN:264,_RNCINvNtCs2IGZeOkz4bk_9hitz_boot6loader8load_elfNtNtB4_5tests10MockWriterEs1_0B6_
FN:268,_RNCINvNtCs2IGZeOkz4bk_9hitz_boot6loader8load_elfNtNtB4_5tests10MockWriterEs2_0B6_
FN:277,_RNCINvNtCs2IGZeOkz4bk_9hitz_boot6loader8load_elfNtNtB4_5tests10MockWriterEs3_0B6_
FN:278,_RNCINvNtCs2IGZeOkz4bk_9hitz_boot6loader8load_elfNtNtB4_5tests10MockWriterEs4_0B6_
FN:290,_RNCINvNtCs2IGZeOkz4bk_9hitz_boot6loader8load_elfNtNtB4_5tests10MockWriterEs5_0B6_
FN:248,_RNCINvNtCs2IGZeOkz4bk_9hitz_boot6loader8load_elfNtNtB4_5tests10MockWriterEs_0B6_
FN:78,_RNCNvNtCs2IGZeOkz4bk_9hitz_boot6loader8read_u160B5_
FN:79,_RNCNvNtCs2IGZeOkz4bk_9hitz_boot6loader8read_u16s_0B5_
FN:87,_RNCNvNtCs2IGZeOkz4bk_9hitz_boot6loader8read_u320B5_
FN:88,_RNCNvNtCs2IGZeOkz4bk_9hitz_boot6loader8read_u32s_0B5_
FN:96,_RNCNvNtCs2IGZeOkz4bk_9hitz_boot6loader8read_u640B5_
FN:97,_RNCNvNtCs2IGZeOkz4bk_9hitz_boot6loader8read_u64s_0B5_
FN:104,_RNvNtCs2IGZeOkz4bk_9hitz_boot6loader16parse_elf_header
FN:144,_RNvNtCs2IGZeOkz4bk_9hitz_boot6loader20parse_program_header
FN:75,_RNvNtCs2IGZeOkz4bk_9hitz_boot6loader8read_u16
FN:84,_RNvNtCs2IGZeOkz4bk_9hitz_boot6loader8read_u32
FN:93,_RNvNtCs2IGZeOkz4bk_9hitz_boot6loader8read_u64
FNDA:6,_RNvMNtNtCs2IGZeOkz4bk_9hitz_boot6loader5testsNtB2_10MockWriter3new
FNDA:2,_RNvMNtNtCs2IGZeOkz4bk_9hitz_boot6loader5testsNtB2_10MockWriter6writes
FNDA:3,_RNvNtNtCs2IGZeOkz4bk_9hitz_boot6loader5tests13make_test_elf
FNDA:1,_RNvNtNtCs2IGZeOkz4bk_9hitz_boot6loader5tests22make_test_elf_with_bss
FNDA:1,_RNvNtNtCs2IGZeOkz4bk_9hitz_boot6loader5testss_12empty_kernel
FNDA:1,_RNvNtNtCs2IGZeOkz4bk_9hitz_boot6loader5testss_13invalid_magic
FNDA:1,_RNvNtNtCs2IGZeOkz4bk_9hitz_boot6loader5testss_13wrong_machine
FNDA:1,_RNvNtNtCs2IGZeOkz4bk_9hitz_boot6loader5testss_16load_minimal_elf
FNDA:1,_RNvNtNtCs2IGZeOkz4bk_9hitz_boot6loader5testss_17load_elf_with_bss
FNDA:1,_RNvNtNtCs2IGZeOkz4bk_9hitz_boot6loader5testss_21elf_header_size_check
FNDA:1,_RNvNtNtCs2IGZeOkz4bk_9hitz_boot6loader5testss_25program_header_size_check
FNDA:1,_RNvNtNtCs2IGZeOkz4bk_9hitz_boot6loader5testss_9not_elf64
FNDA:2,_RNvXs_NtNtCs2IGZeOkz4bk_9hitz_boot6loader5testsNtB4_10MockWriterNtB6_14GuestMemWriter11write_bytes
FNDA:1,_RNvXs_NtNtCs2IGZeOkz4bk_9hitz_boot6loader5testsNtB4_10MockWriterNtB6_14GuestMemWriter12write_zeroes
FNDA:6,_RINvNtCs2IGZeOkz4bk_9hitz_boot6loader8load_elfNtNtB2_5tests10MockWriterEB4_
FNDA:0,_RNCINvNtCs2IGZeOkz4bk_9hitz_boot6loader8load_elfNtNtB4_5tests10MockWriterE0B6_
FNDA:0,_RNCINvNtCs2IGZeOkz4bk_9hitz_boot6loader8load_elfNtNtB4_5tests10MockWriterEs0_0B6_
FNDA:0,_RNCINvNtCs2IGZeOkz4bk_9hitz_boot6loader8load_elfNtNtB4_5tests10MockWriterEs1_0B6_
FNDA:0,_RNCINvNtCs2IGZeOkz4bk_9hitz_boot6loader8load_elfNtNtB4_5tests10MockWriterEs2_0B6_
FNDA:0,_RNCINvNtCs2IGZeOkz4bk_9hitz_boot6loader8load_elfNtNtB4_5tests10MockWriterEs3_0B6_
FNDA:0,_RNCINvNtCs2IGZeOkz4bk_9hitz_boot6loader8load_elfNtNtB4_5tests10MockWriterEs4_0B6_
FNDA:0,_RNCINvNtCs2IGZeOkz4bk_9hitz_boot6loader8load_elfNtNtB4_5tests10MockWriterEs5_0B6_
FNDA:0,_RNCINvNtCs2IGZeOkz4bk_9hitz_boot6loader8load_elfNtNtB4_5tests10MockWriterEs_0B6_
FNDA:7,_RNCNvNtCs2IGZeOkz4bk_9hitz_boot6loader8read_u160B5_
FNDA:0,_RNCNvNtCs2IGZeOkz4bk_9hitz_boot6loader8read_u16s_0B5_
FNDA:2,_RNCNvNtCs2IGZeOkz4bk_9hitz_boot6loader8read_u320B5_
FNDA:0,_RNCNvNtCs2IGZeOkz4bk_9hitz_boot6loader8read_u32s_0B5_
FNDA:12,_RNCNvNtCs2IGZeOkz4bk_9hitz_boot6loader8read_u640B5_
FNDA:0,_RNCNvNtCs2IGZeOkz4bk_9hitz_boot6loader8read_u64s_0B5_
FNDA:6,_RNvNtCs2IGZeOkz4bk_9hitz_boot6loader16parse_elf_header
FNDA:2,_RNvNtCs2IGZeOkz4bk_9hitz_boot6loader20parse_program_header
FNDA:7,_RNvNtCs2IGZeOkz4bk_9hitz_boot6loader8read_u16
FNDA:2,_RNvNtCs2IGZeOkz4bk_9hitz_boot6loader8read_u32
FNDA:12,_RNvNtCs2IGZeOkz4bk_9hitz_boot6loader8read_u64
FNF:34
FNH:23
DA:75,7
DA:76,7
DA:77,7
DA:78,7
DA:79,7
DA:80,7
DA:81,7
DA:84,2
DA:85,2
DA:86,2
DA:87,2
DA:88,2
DA:89,2
DA:90,2
DA:93,12
DA:94,12
DA:95,12
DA:96,12
DA:97,12
DA:98,12
DA:99,12
DA:104,6
DA:105,6
DA:106,1
DA:107,1
DA:108,1
DA:109,1
DA:110,5
DA:112,5
DA:113,1
DA:114,4
DA:115,4
DA:116,1
DA:117,1
DA:118,1
DA:119,1
DA:120,3
DA:121,3
DA:122,0
DA:123,0
DA:124,0
DA:125,0
DA:126,3
DA:128,3
DA:129,3
DA:130,1
DA:131,1
DA:132,1
DA:133,2
DA:136,2
DA:137,2
DA:138,2
DA:139,2
DA:141,6
DA:144,2
DA:145,2
DA:146,0
DA:147,0
DA:148,0
DA:149,2
DA:151,2
DA:152,2
DA:153,2
DA:154,2
DA:155,2
DA:157,2
DA:219,6
DA:220,6
DA:221,6
DA:222,6
DA:223,6
DA:225,2
DA:226,2
DA:227,2
DA:229,2
DA:230,2
DA:231,2
DA:232,2
DA:233,2
DA:235,2
DA:237,2
DA:238,0
DA:239,2
DA:242,2
DA:243,2
DA:245,2
DA:246,2
DA:247,2
DA:248,2
DA:249,2
DA:250,2
DA:251,2
DA:252,0
DA:253,0
DA:254,0
DA:255,0
DA:256,2
DA:257,0
DA:260,2
DA:261,1
DA:262,1
DA:263,1
DA:264,1
DA:265,1
DA:266,1
DA:267,1
DA:268,1
DA:270,1
DA:271,1
DA:274,2
DA:275,2
DA:276,2
DA:277,2
DA:278,2
DA:279,2
DA:280,2
DA:281,2
DA:282,2
DA:285,2
DA:286,0
DA:287,2
DA:290,2
DA:292,2
DA:293,2
DA:294,2
DA:295,2
DA:296,2
DA:297,6
DA:313,6
DA:314,6
DA:315,6
DA:316,6
DA:317,6
DA:319,2
DA:320,2
DA:321,2
DA:325,2
DA:326,2
DA:327,2
DA:328,2
DA:330,1
DA:331,1
DA:332,1
DA:333,1
DA:334,1
DA:335,1
DA:340,3
DA:341,3
DA:344,3
DA:345,3
DA:346,3
DA:347,3
DA:348,3
DA:349,3
DA:350,3
DA:351,3
DA:352,3
DA:353,3
DA:354,3
DA:355,3
DA:358,3
DA:359,3
DA:360,3
DA:361,3
DA:362,3
DA:363,3
DA:364,3
DA:365,3
DA:367,3
DA:368,3
DA:369,3
DA:372,1
DA:373,1
DA:375,1
DA:376,1
DA:377,1
DA:378,1
DA:379,1
DA:380,1
DA:381,1
DA:382,1
DA:383,1
DA:384,1
DA:385,1
DA:386,1
DA:388,1
DA:389,1
DA:390,1
DA:392,1
DA:393,1
DA:394,1
DA:395,1
DA:396,1
DA:397,1
DA:399,1
DA:400,1
DA:401,1
DA:404,1
DA:405,1
DA:406,1
DA:409,1
DA:410,1
DA:411,1
DA:414,1
DA:415,1
DA:416,1
DA:417,1
DA:418,1
DA:420,1
DA:422,1
DA:423,1
DA:425,1
DA:427,1
DA:429,1
DA:430,1
DA:431,1
DA:432,1
DA:433,1
DA:436,1
DA:437,1
DA:438,1
DA:439,1
DA:440,1
DA:441,1
DA:443,1
DA:445,1
DA:446,1
DA:448,1
DA:451,1
DA:453,1
DA:454,1
DA:455,1
DA:456,1
DA:457,1
DA:458,1
DA:461,1
DA:462,1
DA:463,1
DA:464,1
DA:465,1
DA:466,1
DA:469,1
DA:472,1
DA:473,1
DA:474,1
DA:475,1
DA:476,1
DA:479,1
DA:482,1
DA:483,1
DA:485,1
DA:486,1
DA:487,1
DA:488,1
DA:489,1
DA:492,1
DA:495,1
DA:496,1
DA:498,1
DA:499,1
DA:500,1
DA:501,1
DA:502,1
DA:505,1
BRF:0
BRH:0
LF:278
LH:253
end_of_record
SF:/app/crates/hitz-boot/src/page_tables.rs
FN:168,_RNvNtCs2IGZeOkz4bk_9hitz_boot11page_tables10read_entry
FN:161,_RNvNtCs2IGZeOkz4bk_9hitz_boot11page_tables11write_entry
FN:110,_RNvNtCs2IGZeOkz4bk_9hitz_boot11page_tables17build_page_tables
FN:255,_RNvNtNtCs2IGZeOkz4bk_9hitz_boot11page_tables5testss_13test_pml4_gpa
FN:289,_RNvNtNtCs2IGZeOkz4bk_9hitz_boot11page_tables5testss_15test_page_sizes
FN:332,_RNvNtNtCs2IGZeOkz4bk_9hitz_boot11page_tables5testss_17test_gpa_ordering
FN:261,_RNvNtNtCs2IGZeOkz4bk_9hitz_boot11page_tables5testss_19test_zero_gib_error
FN:241,_RNvNtNtCs2IGZeOkz4bk_9hitz_boot11page_tables5testss_21test_1gib_page_tables
FN:182,_RNvNtNtCs2IGZeOkz4bk_9hitz_boot11page_tables5testss_21test_4gib_page_tables
FN:282,_RNvNtNtCs2IGZeOkz4bk_9hitz_boot11page_tables5testss_21test_max_gib_succeeds
FN:272,_RNvNtNtCs2IGZeOkz4bk_9hitz_boot11page_tables5testss_26test_exceeds_max_gib_error
FN:301,_RNvNtNtCs2IGZeOkz4bk_9hitz_boot11page_tables5testss_33test_identity_mapping_correctness
FNDA:2055,_RNvNtCs2IGZeOkz4bk_9hitz_boot11page_tables10read_entry
FNDA:270871,_RNvNtCs2IGZeOkz4bk_9hitz_boot11page_tables11write_entry
FNDA:9,_RNvNtCs2IGZeOkz4bk_9hitz_boot11page_tables17build_page_tables
FNDA:1,_RNvNtNtCs2IGZeOkz4bk_9hitz_boot11page_tables5testss_13test_pml4_gpa
FNDA:1,_RNvNtNtCs2IGZeOkz4bk_9hitz_boot11page_tables5testss_15test_page_sizes
FNDA:1,_RNvNtNtCs2IGZeOkz4bk_9hitz_boot11page_tables5testss_17test_gpa_ordering
FNDA:1,_RNvNtNtCs2IGZeOkz4bk_9hitz_boot11page_tables5testss_19test_zero_gib_error
FNDA:1,_RNvNtNtCs2IGZeOkz4bk_9hitz_boot11page_tables5testss_21test_1gib_page_tables
FNDA:1,_RNvNtNtCs2IGZeOkz4bk_9hitz_boot11page_tables5testss_21test_4gib_page_tables
FNDA:1,_RNvNtNtCs2IGZeOkz4bk_9hitz_boot11page_tables5testss_21test_max_gib_succeeds
FNDA:1,_RNvNtNtCs2IGZeOkz4bk_9hitz_boot11page_tables5testss_26test_exceeds_max_gib_error
FNDA:1,_RNvNtNtCs2IGZeOkz4bk_9hitz_boot11page_tables5testss_33test_identity_mapping_correctness
FNF:12
FNH:12
DA:110,9
DA:111,9
DA:112,2
DA:113,2
DA:114,2
DA:115,7
DA:118,7
DA:119,7
DA:122,7
DA:123,7
DA:124,7
DA:125,7
DA:126,7
DA:127,7
DA:130,7
DA:131,528
DA:132,528
DA:133,528
DA:134,528
DA:135,7
DA:136,7
DA:137,7
DA:138,7
DA:141,528
DA:142,528
DA:143,270336
DA:144,270336
DA:145,270336
DA:146,270336
DA:147,528
DA:148,528
DA:149,528
DA:150,528
DA:153,7
DA:154,9
DA:161,270871
DA:162,270871
DA:163,270871
DA:164,270871
DA:168,2055
DA:169,2055
DA:170,2055
DA:171,2055
DA:182,1
DA:183,1
DA:186,1
DA:189,1
DA:192,1
DA:193,1
DA:194,1
DA:195,1
DA:197,511
DA:198,511
DA:202,1
DA:203,1
DA:204,1
DA:205,4
DA:206,4
DA:207,4
DA:208,4
DA:214,508
DA:215,508
DA:219,1
DA:220,1
DA:221,1
DA:222,1
DA:223,1
DA:224,1
DA:225,1
DA:226,1
DA:230,1
DA:231,1
DA:232,1
DA:235,1
DA:236,1
DA:237,1
DA:238,1
DA:241,1
DA:242,1
DA:245,1
DA:246,1
DA:249,1
DA:250,1
DA:251,1
DA:252,1
DA:255,1
DA:256,1
DA:257,1
DA:258,1
DA:261,1
DA:262,1
DA:263,1
DA:264,1
DA:265,1
DA:266,1
DA:269,1
DA:272,1
DA:273,1
DA:274,1
DA:275,1
DA:276,1
DA:279,1
DA:282,1
DA:283,1
DA:285,1
DA:286,1
DA:289,1
DA:290,1
DA:291,6
DA:292,6
DA:293,6
DA:298,1
DA:301,1
DA:303,1
DA:306,1
DA:307,512
DA:308,512
DA:309,512
DA:310,512
DA:311,512
DA:315,512
DA:319,1
DA:320,512
DA:321,512
DA:322,512
DA:323,512
DA:324,512
DA:329,1
DA:332,1
DA:334,1
DA:335,5
DA:336,5
DA:337,5
DA:339,0
DA:340,0
DA:343,1
BRF:0
BRH:0
LF:136
LH:134
end_of_record
SF:/app/crates/hitz-devices/src/mmio_bus.rs
FN:25,_RNvYpNtNtCskbUAFBEfZe1_12hitz_devices8mmio_bus10MmioDevice7poll_rxB7_
FN:116,_RNCNvMNtCskbUAFBEfZe1_12hitz_devices8mmio_busNtB4_7MmioBus9find_slot0B6_
FN:185,_RNvMNtNtCskbUAFBEfZe1_12hitz_devices8mmio_bus5testsNtB2_10StubDevice3new
FN:241,_RNvNtNtCskbUAFBEfZe1_12hitz_devices8mmio_bus5testss_16read_with_offset
FN:280,_RNvNtNtCskbUAFBEfZe1_12hitz_devices8mmio_bus5testss_17write_returns_irq
FN:306,_RNvNtNtCskbUAFBEfZe1_12hitz_devices8mmio_bus5testss_24poll_devices_returns_irq
FN:252,_RNvNtNtCskbUAFBEfZe1_12hitz_devices8mmio_bus5testss_24read_unmapped_returns_ff
FN:269,_RNvNtNtCskbUAFBEfZe1_12hitz_devices8mmio_bus5testss_26write_dispatches_to_device
FN:231,_RNvNtNtCskbUAFBEfZe1_12hitz_devices8mmio_bus5testss_27read_from_registered_device
FN:260,_RNvNtNtCskbUAFBEfZe1_12hitz_devices8mmio_bus5testss_27write_unmapped_returns_none
FN:348,_RNvNtNtCskbUAFBEfZe1_12hitz_devices8mmio_bus5testss_29register_exact_overlap_panics
FN:359,_RNvNtNtCskbUAFBEfZe1_12hitz_devices8mmio_bus5testss_29register_inner_overlap_panics
FN:370,_RNvNtNtCskbUAFBEfZe1_12hitz_devices8mmio_bus5testss_29register_outer_overlap_panics
FN:316,_RNvNtNtCskbUAFBEfZe1_12hitz_devices8mmio_bus5testss_30poll_devices_returns_first_irq
FN:337,_RNvNtNtCskbUAFBEfZe1_12hitz_devices8mmio_bus5testss_34register_overlapping_device_panics
FN:378,_RNvNtNtCskbUAFBEfZe1_12hitz_devices8mmio_bus5testss_35default_mmio_bus_and_default_device
FN:293,_RNvNtNtCskbUAFBEfZe1_12hitz_devices8mmio_bus5testss_36poll_devices_returns_none_when_empty
FN:299,_RNvNtNtCskbUAFBEfZe1_12hitz_devices8mmio_bus5testss_49poll_devices_returns_none_when_no_device_has_data
FN:222,_RNvXs0_NtNtCskbUAFBEfZe1_12hitz_devices8mmio_bus5testsNtB5_7StubMemNtNtCs8llBYSpQSPM_8hitz_hal6traits14GuestMemAccess10read_guest
FN:225,_RNvXs0_NtNtCskbUAFBEfZe1_12hitz_devices8mmio_bus5testsNtB5_7StubMemNtNtCs8llBYSpQSPM_8hitz_hal6traits14GuestMemAccess11write_guest
FN:203,_RNvXs_NtNtCskbUAFBEfZe1_12hitz_devices8mmio_bus5testsNtB4_10StubDeviceNtB6_10MmioDevice10mmio_write
FN:214,_RNvXs_NtNtCskbUAFBEfZe1_12hitz_devices8mmio_bus5testsNtB4_10StubDeviceNtB6_10MmioDevice7poll_rx
FN:197,_RNvXs_NtNtCskbUAFBEfZe1_12hitz_devices8mmio_bus5testsNtB4_10StubDeviceNtB6_10MmioDevice9mmio_read
FN:154,_RNvMNtCskbUAFBEfZe1_12hitz_devices8mmio_busNtB2_7MmioBus12poll_devices
FN:84,_RNvMNtCskbUAFBEfZe1_12hitz_devices8mmio_busNtB2_7MmioBus3new
FN:129,_RNvMNtCskbUAFBEfZe1_12hitz_devices8mmio_busNtB2_7MmioBus4read
FN:142,_RNvMNtCskbUAFBEfZe1_12hitz_devices8mmio_busNtB2_7MmioBus5write
FN:92,_RNvMNtCskbUAFBEfZe1_12hitz_devices8mmio_busNtB2_7MmioBus8register
FN:113,_RNvMNtCskbUAFBEfZe1_12hitz_devices8mmio_busNtB2_7MmioBus9find_slot
FN:165,_RNvXs_NtCskbUAFBEfZe1_12hitz_devices8mmio_busNtB4_7MmioBusNtNtCs4kUJL3MZFFz_4core7default7Default7default
FNDA:0,_RNvYpNtNtCskbUAFBEfZe1_12hitz_devices8mmio_bus10MmioDevice7poll_rxB7_
FNDA:4,_RNCNvMNtCskbUAFBEfZe1_12hitz_devices8mmio_busNtB4_7MmioBus9find_slot0B6_
FNDA:18,_RNvMNtNtCskbUAFBEfZe1_12hitz_devices8mmio_bus5testsNtB2_10StubDevice3new
FNDA:1,_RNvNtNtCskbUAFBEfZe1_12hitz_devices8mmio_bus5testss_16read_with_offset
FNDA:1,_RNvNtNtCskbUAFBEfZe1_12hitz_devices8mmio_bus5testss_17write_returns_irq
FNDA:1,_RNvNtNtCskbUAFBEfZe1_12hitz_devices8mmio_bus5testss_24poll_devices_returns_irq
FNDA:1,_RNvNtNtCskbUAFBEfZe1_12hitz_devices8mmio_bus5testss_24read_unmapped_returns_ff
FNDA:1,_RNvNtNtCskbUAFBEfZe1_12hitz_devices8mmio_bus5testss_26write_dispatches_to_device
FNDA:1,_RNvNtNtCskbUAFBEfZe1_12hitz_devices8mmio_bus5testss_27read_from_registered_device
FNDA:1,_RNvNtNtCskbUAFBEfZe1_12hitz_devices8mmio_bus5testss_27write_unmapped_returns_none
FNDA:1,_RNvNtNtCskbUAFBEfZe1_12hitz_devices8mmio_bus5testss_29register_exact_overlap_panics
FNDA:1,_RNvNtNtCskbUAFBEfZe1_12hitz_devices8mmio_bus5testss_29register_inner_overlap_panics
FNDA:1,_RNvNtNtCskbUAFBEfZe1_12hitz_devices8mmio_bus5testss_29register_outer_overlap_panics
FNDA:1,_RNvNtNtCskbUAFBEfZe1_12hitz_devices8mmio_bus5testss_30poll_devices_returns_first_irq
FNDA:1,_RNvNtNtCskbUAFBEfZe1_12hitz_devices8mmio_bus5testss_34register_overlapping_device_panics
FNDA:1,_RNvNtNtCskbUAFBEfZe1_12hitz_devices8mmio_bus5testss_35default_mmio_bus_and_default_device
FNDA:1,_RNvNtNtCskbUAFBEfZe1_12hitz_devices8mmio_bus5testss_36poll_devices_returns_none_when_empty
FNDA:1,_RNvNtNtCskbUAFBEfZe1_12hitz_devices8mmio_bus5testss_49poll_devices_returns_none_when_no_device_has_data
FNDA:0,_RNvXs0_NtNtCskbUAFBEfZe1_12hitz_devices8mmio_bus5testsNtB5_7StubMemNtNtCs8llBYSpQSPM_8hitz_hal6traits14GuestMemAccess10read_guest
FNDA:0,_RNvXs0_NtNtCskbUAFBEfZe1_12hitz_devices8mmio_bus5testsNtB5_7StubMemNtNtCs8llBYSpQSPM_8hitz_hal6traits14GuestMemAccess11write_guest
FNDA:2,_RNvXs_NtNtCskbUAFBEfZe1_12hitz_devices8mmio_bus5testsNtB4_10StubDeviceNtB6_10MmioDevice10mmio_write
FNDA:5,_RNvXs_NtNtCskbUAFBEfZe1_12hitz_devices8mmio_bus5testsNtB4_10StubDeviceNtB6_10MmioDevice7poll_rx
FNDA:2,_RNvXs_NtNtCskbUAFBEfZe1_12hitz_devices8mmio_bus5testsNtB4_10StubDeviceNtB6_10MmioDevice9mmio_read
FNDA:4,_RNvMNtCskbUAFBEfZe1_12hitz_devices8mmio_busNtB2_7MmioBus12poll_devices
FNDA:15,_RNvMNtCskbUAFBEfZe1_12hitz_devices8mmio_busNtB2_7MmioBus3new
FNDA:3,_RNvMNtCskbUAFBEfZe1_12hitz_devices8mmio_busNtB2_7MmioBus4read
FNDA:3,_RNvMNtCskbUAFBEfZe1_12hitz_devices8mmio_busNtB2_7MmioBus5write
FNDA:17,_RNvMNtCskbUAFBEfZe1_12hitz_devices8mmio_busNtB2_7MmioBus8register
FNDA:6,_RNvMNtCskbUAFBEfZe1_12hitz_devices8mmio_busNtB2_7MmioBus9find_slot
FNDA:1,_RNvXs_NtCskbUAFBEfZe1_12hitz_devices8mmio_busNtB4_7MmioBusNtNtCs4kUJL3MZFFz_4core7default7Default7default
FNF:30
FNH:27
DA:25,0
DA:26,0
DA:27,0
DA:84,15
DA:85,15
DA:86,15
DA:92,17
DA:93,17
DA:94,7
DA:95,7
DA:96,7
DA:97,7
DA:102,13
DA:103,13
DA:104,13
DA:105,13
DA:106,13
DA:110,13
DA:111,13
DA:113,6
DA:116,6
DA:117,6
DA:118,4
DA:119,4
DA:120,4
DA:121,0
DA:122,2
DA:123,2
DA:124,6
DA:129,3
DA:130,3
DA:131,2
DA:132,2
DA:133,2
DA:134,1
DA:136,1
DA:137,3
DA:142,3
DA:143,3
DA:144,2
DA:145,2
DA:146,1
DA:147,1
DA:148,3
DA:154,4
DA:155,4
DA:156,4
DA:157,2
DA:158,2
DA:160,2
DA:161,4
DA:165,1
DA:166,1
DA:167,1
DA:185,18
DA:186,18
DA:187,18
DA:188,18
DA:189,18
DA:190,18
DA:191,18
DA:192,18
DA:193,18
DA:197,2
DA:198,2
DA:199,2
DA:200,2
DA:201,2
DA:203,2
DA:204,2
DA:205,2
DA:206,2
DA:207,2
DA:208,2
DA:209,2
DA:210,2
DA:211,2
DA:212,2
DA:214,5
DA:215,5
DA:216,5
DA:222,0
DA:223,0
DA:224,0
DA:225,0
DA:226,0
DA:227,0
DA:231,1
DA:232,1
DA:233,1
DA:235,1
DA:236,1
DA:237,1
DA:238,1
DA:241,1
DA:242,1
DA:243,1
DA:245,1
DA:246,1
DA:248,1
DA:249,1
DA:252,1
DA:253,1
DA:254,1
DA:255,1
DA:256,1
DA:257,1
DA:260,1
DA:261,1
DA:262,1
DA:263,1
DA:264,1
DA:265,1
DA:266,1
DA:269,1
DA:270,1
DA:271,1
DA:273,1
DA:274,1
DA:275,1
DA:276,1
DA:277,1
DA:280,1
DA:281,1
DA:282,1
DA:283,1
DA:284,1
DA:286,1
DA:287,1
DA:288,1
DA:289,1
DA:290,1
DA:293,1
DA:294,1
DA:295,1
DA:296,1
DA:299,1
DA:300,1
DA:301,1
DA:302,1
DA:303,1
DA:306,1
DA:307,1
DA:308,1
DA:309,1
DA:310,1
DA:312,1
DA:313,1
DA:316,1
DA:317,1
DA:318,1
DA:319,1
DA:320,1
DA:321,1
DA:322,1
DA:324,1
DA:325,1
DA:326,1
DA:330,1
DA:331,1
DA:337,1
DA:338,1
DA:339,1
DA:341,1
DA:342,1
DA:348,1
DA:349,1
DA:350,1
DA:352,1
DA:353,1
DA:359,1
DA:360,1
DA:361,1
DA:363,1
DA:364,1
DA:370,1
DA:371,1
DA:372,1
DA:374,1
DA:375,1
DA:378,1
DA:379,1
DA:380,1
DA:381,1
DA:382,1
BRF:0
BRH:0
LF:186
LH:176
end_of_record
SF:/app/crates/hitz-devices/src/serial.rs
FN:82,_RNvMs_NtCskbUAFBEfZe1_12hitz_devices6serialINtB4_12SerialDeviceINtNtCsauO83Ko6oyK_5alloc3vec3VechEE12handles_portB6_
FN:74,_RNvMs_NtCskbUAFBEfZe1_12hitz_devices6serialINtB4_12SerialDeviceINtNtCsauO83Ko6oyK_5alloc3vec3VechEE3newB6_
FN:113,_RNvMs_NtCskbUAFBEfZe1_12hitz_devices6serialINtB4_12SerialDeviceINtNtCsauO83Ko6oyK_5alloc3vec3VechEE6writerB6_
FN:105,_RNvMs_NtCskbUAFBEfZe1_12hitz_devices6serialINtB4_12SerialDeviceINtNtCsauO83Ko6oyK_5alloc3vec3VechEE8pio_readB6_
FN:90,_RNvMs_NtCskbUAFBEfZe1_12hitz_devices6serialINtB4_12SerialDeviceINtNtCsauO83Ko6oyK_5alloc3vec3VechEE9pio_writeB6_
FN:74,_RNvMs_NtCskbUAFBEfZe1_12hitz_devices6serialINtB4_12SerialDeviceNtNtB4_5tests11FailingSinkE3newB6_
FN:90,_RNvMs_NtCskbUAFBEfZe1_12hitz_devices6serialINtB4_12SerialDeviceNtNtB4_5tests11FailingSinkE9pio_writeB6_
FN:31,_RNvXNtCskbUAFBEfZe1_12hitz_devices6serialNtB2_11NoopTriggerNtCsbkM1V7nNhqe_10vm_superio7Trigger7trigger
FN:149,_RNvNtNtCskbUAFBEfZe1_12hitz_devices6serial5testss_17lsr_reports_ready
FN:173,_RNvNtNtCskbUAFBEfZe1_12hitz_devices6serial5testss_17test_noop_trigger
FN:123,_RNvNtNtCskbUAFBEfZe1_12hitz_devices6serial5testss_23handles_port_com1_range
FN:190,_RNvNtNtCskbUAFBEfZe1_12hitz_devices6serial5testss_27test_pio_write_failing_sink
FN:138,_RNvNtNtCskbUAFBEfZe1_12hitz_devices6serial5testss_27thr_write_appears_in_output
FN:161,_RNvNtNtCskbUAFBEfZe1_12hitz_devices6serial5testss_31write_then_read_lsr_still_ready
FN:184,_RNvXNtNtCskbUAFBEfZe1_12hitz_devices6serial5testsNtB2_11FailingSinkNtNtCsaa59N1qzrfe_3std2io5Write5flush
FN:181,_RNvXNtNtCskbUAFBEfZe1_12hitz_devices6serial5testsNtB2_11FailingSinkNtNtCsaa59N1qzrfe_3std2io5Write5write
FNDA:11,_RNvMs_NtCskbUAFBEfZe1_12hitz_devices6serialINtB4_12SerialDeviceINtNtCsauO83Ko6oyK_5alloc3vec3VechEE12handles_portB6_
FNDA:3,_RNvMs_NtCskbUAFBEfZe1_12hitz_devices6serialINtB4_12SerialDeviceINtNtCsauO83Ko6oyK_5alloc3vec3VechEE3newB6_
FNDA:1,_RNvMs_NtCskbUAFBEfZe1_12hitz_devices6serialINtB4_12SerialDeviceINtNtCsauO83Ko6oyK_5alloc3vec3VechEE6writerB6_
FNDA:2,_RNvMs_NtCskbUAFBEfZe1_12hitz_devices6serialINtB4_12SerialDeviceINtNtCsauO83Ko6oyK_5alloc3vec3VechEE8pio_readB6_
FNDA:3,_RNvMs_NtCskbUAFBEfZe1_12hitz_devices6serialINtB4_12SerialDeviceINtNtCsauO83Ko6oyK_5alloc3vec3VechEE9pio_writeB6_
FNDA:1,_RNvMs_NtCskbUAFBEfZe1_12hitz_devices6serialINtB4_12SerialDeviceNtNtB4_5tests11FailingSinkE3newB6_
FNDA:1,_RNvMs_NtCskbUAFBEfZe1_12hitz_devices6serialINtB4_12SerialDeviceNtNtB4_5tests11FailingSinkE9pio_writeB6_
FNDA:1,_RNvXNtCskbUAFBEfZe1_12hitz_devices6serialNtB2_11NoopTriggerNtCsbkM1V7nNhqe_10vm_superio7Trigger7trigger
FNDA:1,_RNvNtNtCskbUAFBEfZe1_12hitz_devices6serial5testss_17lsr_reports_ready
FNDA:1,_RNvNtNtCskbUAFBEfZe1_12hitz_devices6serial5testss_17test_noop_trigger
FNDA:1,_RNvNtNtCskbUAFBEfZe1_12hitz_devices6serial5testss_23handles_port_com1_range
FNDA:1,_RNvNtNtCskbUAFBEfZe1_12hitz_devices6serial5testss_27test_pio_write_failing_sink
FNDA:1,_RNvNtNtCskbUAFBEfZe1_12hitz_devices6serial5testss_27thr_write_appears_in_output
FNDA:1,_RNvNtNtCskbUAFBEfZe1_12hitz_devices6serial5testss_31write_then_read_lsr_still_ready
FNDA:0,_RNvXNtNtCskbUAFBEfZe1_12hitz_devices6serial5testsNtB2_11FailingSinkNtNtCsaa59N1qzrfe_3std2io5Write5flush
FNDA:1,_RNvXNtNtCskbUAFBEfZe1_12hitz_devices6serial5testsNtB2_11FailingSinkNtNtCsaa59N1qzrfe_3std2io5Write5write
FNF:14
FNH:13
DA:31,1
DA:32,1
DA:33,1
DA:74,4
DA:75,4
DA:76,4
DA:77,4
DA:78,4
DA:82,11
DA:83,11
DA:84,11
DA:90,4
DA:93,4
DA:97,4
DA:98,1
DA:99,3
DA:100,4
DA:105,2
DA:108,2
DA:109,2
DA:110,2
DA:113,1
DA:114,1
DA:115,1
DA:123,1
DA:125,8
DA:126,8
DA:127,8
DA:132,1
DA:133,1
DA:134,1
DA:135,1
DA:138,1
DA:139,1
DA:142,1
DA:143,1
DA:145,1
DA:146,1
DA:149,1
DA:150,1
DA:153,1
DA:156,1
DA:157,1
DA:158,1
DA:161,1
DA:162,1
DA:164,1
DA:168,1
DA:169,1
DA:170,1
DA:173,1
DA:175,1
DA:176,1
DA:177,1
DA:181,1
DA:182,1
DA:183,1
DA:184,0
DA:185,0
DA:186,0
DA:190,1
DA:191,1
DA:194,1
DA:195,1
BRF:0
BRH:0
LF:64
LH:60
end_of_record
SF:/app/crates/hitz-devices/src/virtio/block.rs
FN:578,_RNCNvNtNtNtCskbUAFBEfZe1_12hitz_devices6virtio5block5testss_22read_at_nonzero_sector0B9_
FN:319,_RNvMNtNtNtCskbUAFBEfZe1_12hitz_devices6virtio5block5testsNtB2_7MockMem10read_bytes
FN:312,_RNvMNtNtNtCskbUAFBEfZe1_12hitz_devices6virtio5block5testsNtB2_7MockMem11write_bytes
FN:306,_RNvMNtNtNtCskbUAFBEfZe1_12hitz_devices6virtio5block5testsNtB2_7MockMem3new
FN:367,_RNvNtNtNtCskbUAFBEfZe1_12hitz_devices6virtio5block5tests10write_desc
FN:401,_RNvNtNtNtCskbUAFBEfZe1_12hitz_devices6virtio5block5tests11setup_queue
FN:380,_RNvNtNtNtCskbUAFBEfZe1_12hitz_devices6virtio5block5tests13set_avail_idx
FN:393,_RNvNtNtNtCskbUAFBEfZe1_12hitz_devices6virtio5block5tests16create_temp_disk
FN:385,_RNvNtNtNtCskbUAFBEfZe1_12hitz_devices6virtio5block5tests16write_blk_header
FN:375,_RNvNtNtNtCskbUAFBEfZe1_12hitz_devices6virtio5block5tests17write_avail_entry
FN:411,_RNvNtNtNtCskbUAFBEfZe1_12hitz_devices6virtio5block5tests19setup_request_chain
FN:473,_RNvNtNtNtCskbUAFBEfZe1_12hitz_devices6virtio5block5testss_12read_request
FN:501,_RNvNtNtNtCskbUAFBEfZe1_12hitz_devices6virtio5block5testss_13write_request
FN:455,_RNvNtNtNtCskbUAFBEfZe1_12hitz_devices6virtio5block5testss_14device_id_is_2
FN:721,_RNvNtNtNtCskbUAFBEfZe1_12hitz_devices6virtio5block5testss_17read_header_fails
FN:603,_RNvNtNtNtCskbUAFBEfZe1_12hitz_devices6virtio5block5testss_18havoc_blk_read_oom
FN:619,_RNvNtNtNtCskbUAFBEfZe1_12hitz_devices6virtio5block5testss_19havoc_blk_write_oom
FN:649,_RNvNtNtNtCskbUAFBEfZe1_12hitz_devices6virtio5block5testss_20write_config_is_noop
FN:560,_RNvNtNtNtCskbUAFBEfZe1_12hitz_devices6virtio5block5testss_22read_at_nonzero_sector
FN:783,_RNvNtNtNtCskbUAFBEfZe1_12hitz_devices6virtio5block5testss_23header_read_fails_ioerr
FN:689,_RNvNtNtNtCskbUAFBEfZe1_12hitz_devices6virtio5block5testss_23missing_data_descriptor
FN:760,_RNvNtNtNtCskbUAFBEfZe1_12hitz_devices6virtio5block5testss_23read_guest_memory_fails
FN:736,_RNvNtNtNtCskbUAFBEfZe1_12hitz_devices6virtio5block5testss_24write_guest_memory_fails
FN:635,_RNvNtNtNtCskbUAFBEfZe1_12hitz_devices6virtio5block5testss_25capacity_returns_capacity
FN:642,_RNvNtNtNtCskbUAFBEfZe1_12hitz_devices6virtio5block5testss_25device_features_returns_0
FN:706,_RNvNtNtNtCskbUAFBEfZe1_12hitz_devices6virtio5block5testss_25missing_header_descriptor
FN:657,_RNvNtNtNtCskbUAFBEfZe1_12hitz_devices6virtio5block5testss_25read_length_out_of_bounds
FN:830,_RNvNtNtNtCskbUAFBEfZe1_12hitz_devices6virtio5block5testss_26next_descriptor_read_fails
FN:673,_RNvNtNtNtCskbUAFBEfZe1_12hitz_devices6virtio5block5testss_26write_length_out_of_bounds
FN:845,_RNvNtNtNtCskbUAFBEfZe1_12hitz_devices6virtio5block5testss_28havoc_blk_read_readonly_desc
FN:462,_RNvNtNtNtCskbUAFBEfZe1_12hitz_devices6virtio5block5testss_29config_space_reports_capacity
FN:863,_RNvNtNtNtCskbUAFBEfZe1_12hitz_devices6virtio5block5testss_29havoc_blk_write_writable_desc
FN:806,_RNvNtNtNtCskbUAFBEfZe1_12hitz_devices6virtio5block5testss_31io_errors_during_read_and_write
FN:528,_RNvNtNtNtCskbUAFBEfZe1_12hitz_devices6virtio5block5testss_32out_of_bounds_read_returns_ioerr
FN:545,_RNvNtNtNtCskbUAFBEfZe1_12hitz_devices6virtio5block5testss_33out_of_bounds_write_returns_ioerr
FN:585,_RNvNtNtNtCskbUAFBEfZe1_12hitz_devices6virtio5block5testss_34unknown_request_type_returns_ioerr
FN:327,_RNvXs_NtNtNtCskbUAFBEfZe1_12hitz_devices6virtio5block5testsNtB4_7MockMemNtNtCs8llBYSpQSPM_8hitz_hal6traits14GuestMemAccess10read_guest
[...]
DA:584,1
DA:585,1
DA:586,1
DA:588,1
DA:591,1
DA:592,1
DA:593,1
DA:594,1
DA:595,1
DA:599,1
DA:600,1
DA:601,1
DA:602,1
DA:605,1
DA:606,1
DA:607,1
DA:608,1
DA:609,1
DA:610,1
DA:611,1
DA:612,1
DA:613,1
DA:614,1
DA:615,1
DA:616,1
DA:617,1
DA:620,1
DA:621,1
DA:622,1
DA:624,1
DA:625,1
BRF:0
BRH:0
LF:365
LH:298
end_of_record
SF:/app/crates/hitz-guest-agent/src/main.rs
FN:96,_RNvCsqeyr9oPoqP_10hitz_agent14parse_load_avg
FN:157,_RNvCsqeyr9oPoqP_10hitz_agent16read_uptime_secs
FN:164,_RNvCsqeyr9oPoqP_10hitz_agent19parse_proc_pid_stat
FN:289,_RNvNtCsqeyr9oPoqP_10hitz_agent5testss_19test_parse_load_avg
FN:299,_RNvNtCsqeyr9oPoqP_10hitz_agent5testss_24test_parse_proc_pid_stat
FN:282,_RNvNtCsqeyr9oPoqP_10hitz_agent5testss_44havoc_test_parse_proc_pid_stat_out_of_bounds
FN:42,_RNCNvCsqeyr9oPoqP_10hitz_agent14read_file_into0B3_
FN:55,_RNCNvCsqeyr9oPoqP_10hitz_agent16collect_snapshot0B3_
FN:61,_RNCNvCsqeyr9oPoqP_10hitz_agent16collect_snapshots_0B3_
FN:145,_RNCNvCsqeyr9oPoqP_10hitz_agent17collect_top_procs0B3_
FN:234,_RNvCsqeyr9oPoqP_10hitz_agent11pull_server
FN:210,_RNvCsqeyr9oPoqP_10hitz_agent13send_snapshot
FN:39,_RNvCsqeyr9oPoqP_10hitz_agent14read_file_into
FN:45,_RNvCsqeyr9oPoqP_10hitz_agent16collect_snapshot
FN:109,_RNvCsqeyr9oPoqP_10hitz_agent17collect_top_procs
FN:254,_RNvCsqeyr9oPoqP_10hitz_agent4main
FN:26,_RNvCsqeyr9oPoqP_10hitz_agent6now_ms
FN:221,_RNvCsqeyr9oPoqP_10hitz_agent9push_loop
FN:98,_RNCNvCsqeyr9oPoqP_10hitz_agent14parse_load_avg0B3_
FN:100,_RNCNvCsqeyr9oPoqP_10hitz_agent14parse_load_avgs0_0B3_
FN:99,_RNCNvCsqeyr9oPoqP_10hitz_agent14parse_load_avgs_0B3_
FN:160,_RNCNvCsqeyr9oPoqP_10hitz_agent16read_uptime_secs0B3_
FNDA:6,_RNvCsqeyr9oPoqP_10hitz_agent14parse_load_avg
FNDA:2,_RNvCsqeyr9oPoqP_10hitz_agent16read_uptime_secs
FNDA:261,_RNvCsqeyr9oPoqP_10hitz_agent19parse_proc_pid_stat
FNDA:1,_RNvNtCsqeyr9oPoqP_10hitz_agent5testss_19test_parse_load_avg
FNDA:1,_RNvNtCsqeyr9oPoqP_10hitz_agent5testss_24test_parse_proc_pid_stat
FNDA:1,_RNvNtCsqeyr9oPoqP_10hitz_agent5testss_44havoc_test_parse_proc_pid_stat_out_of_bounds
FNDA:0,_RNCNvCsqeyr9oPoqP_10hitz_agent14read_file_into0B3_
FNDA:0,_RNCNvCsqeyr9oPoqP_10hitz_agent16collect_snapshot0B3_
FNDA:0,_RNCNvCsqeyr9oPoqP_10hitz_agent16collect_snapshots_0B3_
FNDA:0,_RNCNvCsqeyr9oPoqP_10hitz_agent17collect_top_procs0B3_
FNDA:0,_RNvCsqeyr9oPoqP_10hitz_agent11pull_server
FNDA:0,_RNvCsqeyr9oPoqP_10hitz_agent13send_snapshot
FNDA:0,_RNvCsqeyr9oPoqP_10hitz_agent14read_file_into
FNDA:0,_RNvCsqeyr9oPoqP_10hitz_agent16collect_snapshot
FNDA:0,_RNvCsqeyr9oPoqP_10hitz_agent17collect_top_procs
FNDA:0,_RNvCsqeyr9oPoqP_10hitz_agent4main
FNDA:0,_RNvCsqeyr9oPoqP_10hitz_agent6now_ms
FNDA:0,_RNvCsqeyr9oPoqP_10hitz_agent9push_loop
FNDA:5,_RNCNvCsqeyr9oPoqP_10hitz_agent14parse_load_avg0B3_
FNDA:2,_RNCNvCsqeyr9oPoqP_10hitz_agent14parse_load_avgs0_0B3_
FNDA:3,_RNCNvCsqeyr9oPoqP_10hitz_agent14parse_load_avgs_0B3_
FNDA:2,_RNCNvCsqeyr9oPoqP_10hitz_agent16read_uptime_secs0B3_
FNF:22
FNH:10
DA:26,0
DA:27,0
DA:28,0
DA:29,0
DA:30,0
DA:31,0
DA:33,0
DA:34,0
DA:39,0
DA:41,0
DA:42,0
DA:43,0
DA:45,0
DA:46,0
DA:47,0
DA:48,0
DA:49,0
DA:50,0
DA:52,0
DA:53,0
DA:54,0
DA:55,0
DA:57,0
DA:58,0
DA:59,0
DA:60,0
DA:61,0
DA:62,0
DA:64,0
DA:65,0
DA:66,0
DA:67,0
DA:68,0
DA:69,0
DA:70,0
DA:71,0
DA:72,0
DA:73,0
DA:74,0
DA:75,0
DA:76,0
DA:77,0
DA:78,0
DA:79,0
DA:80,0
DA:82,0
DA:83,0
DA:84,0
DA:85,0
DA:86,0
DA:87,0
DA:88,0
DA:89,0
DA:90,0
DA:91,0
DA:92,0
DA:93,0
DA:94,0
DA:96,6
DA:97,6
DA:98,6
DA:99,6
DA:100,6
DA:101,6
DA:102,6
DA:109,0
DA:110,0
DA:111,0
DA:112,0
DA:114,0
DA:117,0
DA:118,0
DA:120,0
DA:121,0
DA:123,0
DA:124,0
DA:127,0
DA:128,0
DA:130,0
DA:132,0
DA:133,0
DA:135,0
DA:136,0
DA:137,0
DA:138,0
DA:139,0
DA:142,0
DA:144,0
DA:145,0
DA:146,0
DA:147,0
DA:148,0
DA:149,0
DA:150,0
DA:151,0
DA:152,0
DA:157,2
DA:158,2
DA:159,2
DA:160,2
DA:161,2
DA:162,2
DA:164,261
DA:165,261
DA:166,261
DA:167,261
DA:168,261
DA:169,154
DA:175,154
DA:178,151
DA:179,2
DA:182,2
DA:193,2
DA:195,2
DA:196,0
DA:198,2
DA:200,2
DA:201,2
DA:202,2
DA:203,2
DA:204,2
DA:205,2
DA:206,2
DA:207,261
DA:210,0
DA:212,0
DA:213,0
DA:214,0
DA:215,0
DA:216,0
DA:217,0
DA:218,0
DA:221,0
DA:222,0
DA:224,0
DA:225,0
DA:226,0
DA:227,0
DA:228,0
DA:229,0
DA:234,0
DA:236,0
DA:237,0
DA:238,0
DA:239,0
DA:240,0
DA:241,0
DA:242,0
DA:245,0
DA:246,0
DA:247,0
DA:248,0
DA:249,0
DA:250,0
DA:252,0
DA:254,0
DA:256,0
DA:257,0
DA:258,0
DA:259,0
DA:260,0
DA:261,0
DA:266,0
DA:282,1
DA:283,1
DA:284,1
DA:285,1
DA:289,1
DA:290,1
DA:291,1
DA:292,1
DA:293,1
DA:294,1
DA:295,1
DA:296,1
DA:299,1
DA:314,1
DA:320,1
DA:322,1
DA:323,1
DA:324,1
DA:325,1
DA:328,1
DA:329,1
DA:330,1
DA:333,1
DA:334,1
DA:335,1
BRF:0
BRH:0
LF:196
LH:63
end_of_record
SF:/app/crates/hitz-guest-agent/src/proc.rs
FN:211,_RNvNtNtCsqeyr9oPoqP_10hitz_agent4proc5testss_13parse_meminfo
FN:228,_RNvNtNtCsqeyr9oPoqP_10hitz_agent4proc5testss_13parse_net_dev
FN:201,_RNvNtNtCsqeyr9oPoqP_10hitz_agent4proc5testss_14parse_cpu_stat
FN:219,_RNvNtNtCsqeyr9oPoqP_10hitz_agent4proc5testss_15parse_diskstats
FN:237,_RNvNtNtCsqeyr9oPoqP_10hitz_agent4proc5testss_24havoc_overflow_proc_stat
FN:261,_RNvNtNtCsqeyr9oPoqP_10hitz_agent4proc5testss_32cpu_utilisation_from_two_samples
FN:313,_RNvNtNtCsqeyr9oPoqP_10hitz_agent4proc5testss_38havoc_fuzz_parse_proc_meminfo_no_panic
FN:320,_RNvNtNtCsqeyr9oPoqP_10hitz_agent4proc5testss_40havoc_fuzz_parse_proc_diskstats_no_panic
FN:28,_RNvMNtCsqeyr9oPoqP_10hitz_agent4procNtB2_9CpuSample5total
FN:19,_RNvMNtCsqeyr9oPoqP_10hitz_agent4procNtB2_9CpuSample6active
FN:77,_RNvNtCsqeyr9oPoqP_10hitz_agent4proc18parse_proc_meminfo
FN:153,_RNvNtCsqeyr9oPoqP_10hitz_agent4proc18parse_proc_net_dev
FN:125,_RNvNtCsqeyr9oPoqP_10hitz_agent4proc20parse_proc_diskstats
FN:51,_RNvNtCsqeyr9oPoqP_10hitz_agent4proc22parse_proc_stat_sample
FN:37,_RNvNtCsqeyr9oPoqP_10hitz_agent4proc7cpu_pct
FN:165,_RNCNCNvNtCsqeyr9oPoqP_10hitz_agent4proc18parse_proc_net_dev00B7_
FN:59,_RNCNCNvNtCsqeyr9oPoqP_10hitz_agent4proc22parse_proc_stat_samples_00B7_
FN:157,_RNCNvNtCsqeyr9oPoqP_10hitz_agent4proc18parse_proc_net_dev0B5_
FN:128,_RNCNvNtCsqeyr9oPoqP_10hitz_agent4proc20parse_proc_diskstats0B5_
FN:54,_RNCNvNtCsqeyr9oPoqP_10hitz_agent4proc22parse_proc_stat_sample0B5_
FN:55,_RNCNvNtCsqeyr9oPoqP_10hitz_agent4proc22parse_proc_stat_samples_0B5_
FNDA:1,_RNvNtNtCsqeyr9oPoqP_10hitz_agent4proc5testss_13parse_meminfo
FNDA:1,_RNvNtNtCsqeyr9oPoqP_10hitz_agent4proc5testss_13parse_net_dev
FNDA:1,_RNvNtNtCsqeyr9oPoqP_10hitz_agent4proc5testss_14parse_cpu_stat
FNDA:1,_RNvNtNtCsqeyr9oPoqP_10hitz_agent4proc5testss_15parse_diskstats
FNDA:1,_RNvNtNtCsqeyr9oPoqP_10hitz_agent4proc5testss_24havoc_overflow_proc_stat
FNDA:1,_RNvNtNtCsqeyr9oPoqP_10hitz_agent4proc5testss_32cpu_utilisation_from_two_samples
FNDA:1,_RNvNtNtCsqeyr9oPoqP_10hitz_agent4proc5testss_38havoc_fuzz_parse_proc_meminfo_no_panic
FNDA:1,_RNvNtNtCsqeyr9oPoqP_10hitz_agent4proc5testss_40havoc_fuzz_parse_proc_diskstats_no_panic
FNDA:3,_RNvMNtCsqeyr9oPoqP_10hitz_agent4procNtB2_9CpuSample5total
FNDA:6,_RNvMNtCsqeyr9oPoqP_10hitz_agent4procNtB2_9CpuSample6active
FNDA:259,_RNvNtCsqeyr9oPoqP_10hitz_agent4proc18parse_proc_meminfo
FNDA:257,_RNvNtCsqeyr9oPoqP_10hitz_agent4proc18parse_proc_net_dev
FNDA:259,_RNvNtCsqeyr9oPoqP_10hitz_agent4proc20parse_proc_diskstats
FNDA:258,_RNvNtCsqeyr9oPoqP_10hitz_agent4proc22parse_proc_stat_sample
FNDA:1,_RNvNtCsqeyr9oPoqP_10hitz_agent4proc7cpu_pct
FNDA:11,_RNCNCNvNtCsqeyr9oPoqP_10hitz_agent4proc18parse_proc_net_dev00B7_
FNDA:28,_RNCNCNvNtCsqeyr9oPoqP_10hitz_agent4proc22parse_proc_stat_samples_00B7_
FNDA:1,_RNCNvNtCsqeyr9oPoqP_10hitz_agent4proc18parse_proc_net_dev0B5_
FNDA:252,_RNCNvNtCsqeyr9oPoqP_10hitz_agent4proc20parse_proc_diskstats0B5_
FNDA:250,_RNCNvNtCsqeyr9oPoqP_10hitz_agent4proc22parse_proc_stat_sample0B5_
FNDA:4,_RNCNvNtCsqeyr9oPoqP_10hitz_agent4proc22parse_proc_stat_samples_0B5_
FNF:21
FNH:21
DA:19,6
DA:20,6
DA:21,6
DA:22,6
DA:23,6
DA:24,6
DA:25,6
DA:28,3
DA:29,3
DA:30,3
DA:31,3
DA:32,3
DA:37,1
DA:38,1
DA:39,1
DA:40,0
DA:41,1
DA:42,1
DA:45,1
DA:47,1
DA:51,258
DA:52,258
DA:53,258
DA:54,258
DA:55,258
DA:56,4
DA:57,4
DA:58,4
DA:59,28
DA:60,4
DA:61,4
DA:62,4
DA:63,4
DA:64,4
DA:65,4
DA:66,4
DA:67,4
DA:68,4
DA:69,4
DA:70,258
DA:71,258
DA:77,259
DA:78,259
DA:79,259
DA:80,259
DA:81,259
DA:82,259
DA:83,259
DA:85,260
DA:86,260
DA:87,260
DA:88,260
DA:89,155
DA:91,105
DA:92,91
DA:94,14
DA:95,14
DA:96,14
DA:97,11
DA:98,8
DA:99,6
DA:100,4
DA:101,2
DA:102,0
DA:106,259
DA:107,256
DA:108,3
DA:110,3
DA:111,3
DA:112,3
DA:113,3
DA:114,3
DA:115,3
DA:116,3
DA:117,3
DA:118,3
DA:119,259
DA:125,259
DA:126,259
DA:127,259
DA:128,259
DA:129,252
DA:130,252
DA:131,32
DA:132,3
DA:133,3
DA:134,3
DA:135,3
DA:136,3
DA:137,3
DA:138,3
DA:139,3
DA:140,3
DA:141,3
DA:142,3
DA:143,3
DA:144,3
DA:145,252
DA:146,259
DA:147,259
DA:153,257
DA:154,257
DA:155,257
DA:156,257
DA:157,257
DA:158,1
DA:159,1
DA:160,1
DA:161,0
DA:162,1
DA:163,1
DA:164,1
DA:165,11
DA:166,1
DA:167,1
DA:168,1
DA:169,1
DA:170,1
DA:171,1
DA:172,1
DA:173,1
DA:174,1
DA:175,1
DA:176,257
DA:177,257
DA:201,1
DA:202,1
DA:204,1
DA:206,1
DA:207,1
DA:211,1
DA:212,1
DA:213,1
DA:214,1
DA:215,1
DA:216,1
DA:219,1
DA:220,1
DA:221,1
DA:222,1
DA:223,1
DA:224,1
DA:225,1
DA:228,1
DA:229,1
DA:230,1
DA:231,1
DA:232,1
DA:233,1
DA:234,1
DA:237,1
DA:239,1
DA:240,1
DA:242,1
DA:243,1
DA:244,1
DA:247,1
DA:248,1
DA:250,1
DA:251,1
DA:253,1
DA:254,1
DA:256,1
DA:257,1
DA:258,1
DA:261,1
DA:264,1
DA:265,1
DA:266,1
DA:267,1
DA:268,1
DA:269,1
DA:270,1
DA:271,1
DA:272,1
DA:273,1
DA:274,1
DA:275,1
DA:276,1
DA:277,1
DA:278,1
DA:279,1
DA:280,1
DA:281,1
DA:282,1
DA:284,1
DA:285,1
DA:313,1
DA:314,1
DA:315,1
DA:316,1
DA:317,1
DA:320,1
DA:321,1
DA:322,1
DA:323,1
DA:324,1
BRF:0
BRH:0
LF:203
LH:200
end_of_record
SF:/app/crates/hitz-hal/src/newtypes.rs
FN:33,_RNvMNtCs8llBYSpQSPM_8hitz_hal8newtypesNtB2_4VmId3new
FN:39,_RNvMNtCs8llBYSpQSPM_8hitz_hal8newtypesNtB2_4VmId7as_uuid
FN:77,_RNvMs1_NtCs8llBYSpQSPM_8hitz_hal8newtypesNtB5_6VcpuId3new
FN:83,_RNvMs1_NtCs8llBYSpQSPM_8hitz_hal8newtypesNtB5_6VcpuId6as_u32
FN:142,_RNvMs3_NtCs8llBYSpQSPM_8hitz_hal8newtypesNtB5_3Gpa11page_offset
FN:118,_RNvMs3_NtCs8llBYSpQSPM_8hitz_hal8newtypesNtB5_3Gpa3new
FN:124,_RNvMs3_NtCs8llBYSpQSPM_8hitz_hal8newtypesNtB5_3Gpa6as_u64
FN:130,_RNvMs3_NtCs8llBYSpQSPM_8hitz_hal8newtypesNtB5_3Gpa6offset
FN:136,_RNvMs3_NtCs8llBYSpQSPM_8hitz_hal8newtypesNtB5_3Gpa9page_base
FN:173,_RNvMs5_NtCs8llBYSpQSPM_8hitz_hal8newtypesNtB5_7IrqLine3new
FN:179,_RNvMs5_NtCs8llBYSpQSPM_8hitz_hal8newtypesNtB5_7IrqLine5as_u8
FN:210,_RNvMs7_NtCs8llBYSpQSPM_8hitz_hal8newtypesNtB5_8MmioSlot3new
FN:216,_RNvMs7_NtCs8llBYSpQSPM_8hitz_hal8newtypesNtB5_8MmioSlot6as_u16
FN:242,_RNvMs8_NtCs8llBYSpQSPM_8hitz_hal8newtypesNtB5_10DiskOffset3new
FN:248,_RNvMs8_NtCs8llBYSpQSPM_8hitz_hal8newtypesNtB5_10DiskOffset6as_u64
FN:273,_RNvMs9_NtCs8llBYSpQSPM_8hitz_hal8newtypesNtB5_10MacAddress3new
FN:279,_RNvMs9_NtCs8llBYSpQSPM_8hitz_hal8newtypesNtB5_10MacAddress8as_bytes
FN:315,_RNvMsb_NtCs8llBYSpQSPM_8hitz_hal8newtypesNtB5_10MemSizeMiB3new
FN:321,_RNvMsb_NtCs8llBYSpQSPM_8hitz_hal8newtypesNtB5_10MemSizeMiB6as_mib
FN:327,_RNvMsb_NtCs8llBYSpQSPM_8hitz_hal8newtypesNtB5_10MemSizeMiB8as_bytes
FN:51,_RNvXs0_NtCs8llBYSpQSPM_8hitz_hal8newtypesNtB5_4VmIdNtNtCs4kUJL3MZFFz_4core3fmt7Display3fmt
FN:89,_RNvXs2_NtCs8llBYSpQSPM_8hitz_hal8newtypesNtB5_6VcpuIdNtNtCs4kUJL3MZFFz_4core3fmt7Display3fmt
FN:148,_RNvXs4_NtCs8llBYSpQSPM_8hitz_hal8newtypesNtB5_3GpaNtNtCs4kUJL3MZFFz_4core3fmt7Display3fmt
FN:185,_RNvXs6_NtCs8llBYSpQSPM_8hitz_hal8newtypesNtB5_7IrqLineNtNtCs4kUJL3MZFFz_4core3fmt7Display3fmt
FN:45,_RNvXs_NtCs8llBYSpQSPM_8hitz_hal8newtypesNtB4_4VmIdNtNtCs4kUJL3MZFFz_4core7default7Default7default
FN:285,_RNvXsa_NtCs8llBYSpQSPM_8hitz_hal8newtypesNtB5_10MacAddressNtNtCs4kUJL3MZFFz_4core3fmt7Display3fmt
FN:333,_RNvXsc_NtCs8llBYSpQSPM_8hitz_hal8newtypesNtB5_10MemSizeMiBNtNtCs4kUJL3MZFFz_4core3fmt7Display3fmt
FN:350,_RNvNtNtCs317QJjvTM9h_8hitz_hal8newtypes5testss_10gpa_offset
FN:368,_RNvNtNtCs317QJjvTM9h_8hitz_hal8newtypes5testss_16vm_id_uniqueness
FN:343,_RNvNtNtCs317QJjvTM9h_8hitz_hal8newtypes5testss_18gpa_page_alignment
FN:362,_RNvNtNtCs317QJjvTM9h_8hitz_hal8newtypes5testss_19mac_address_display
FN:356,_RNvNtNtCs317QJjvTM9h_8hitz_hal8newtypes5testss_19mem_size_conversion
FN:33,_RNvMNtCs317QJjvTM9h_8hitz_hal8newtypesNtB2_4VmId3new
FN:142,_RNvMs3_NtCs317QJjvTM9h_8hitz_hal8newtypesNtB5_3Gpa11page_offset
FN:118,_RNvMs3_NtCs317QJjvTM9h_8hitz_hal8newtypesNtB5_3Gpa3new
FN:130,_RNvMs3_NtCs317QJjvTM9h_8hitz_hal8newtypesNtB5_3Gpa6offset
FN:136,_RNvMs3_NtCs317QJjvTM9h_8hitz_hal8newtypesNtB5_3Gpa9page_base
FN:273,_RNvMs9_NtCs317QJjvTM9h_8hitz_hal8newtypesNtB5_10MacAddress3new
FN:315,_RNvMsb_NtCs317QJjvTM9h_8hitz_hal8newtypesNtB5_10MemSizeMiB3new
FN:327,_RNvMsb_NtCs317QJjvTM9h_8hitz_hal8newtypesNtB5_10MemSizeMiB8as_bytes
FN:285,_RNvXsa_NtCs317QJjvTM9h_8hitz_hal8newtypesNtB5_10MacAddressNtNtCs4kUJL3MZFFz_4core3fmt7Display3fmt
FN:39,_RNvMNtCs317QJjvTM9h_8hitz_hal8newtypesNtB2_4VmId7as_uuid
FN:77,_RNvMs1_NtCs317QJjvTM9h_8hitz_hal8newtypesNtB5_6VcpuId3new
FN:83,_RNvMs1_NtCs317QJjvTM9h_8hitz_hal8newtypesNtB5_6VcpuId6as_u32
FN:124,_RNvMs3_NtCs317QJjvTM9h_8hitz_hal8newtypesNtB5_3Gpa6as_u64
FN:173,_RNvMs5_NtCs317QJjvTM9h_8hitz_hal8newtypesNtB5_7IrqLine3new
FN:179,_RNvMs5_NtCs317QJjvTM9h_8hitz_hal8newtypesNtB5_7IrqLine5as_u8
FN:210,_RNvMs7_NtCs317QJjvTM9h_8hitz_hal8newtypesNtB5_8MmioSlot3new
FN:216,_RNvMs7_NtCs317QJjvTM9h_8hitz_hal8newtypesNtB5_8MmioSlot6as_u16
FN:242,_RNvMs8_NtCs317QJjvTM9h_8hitz_hal8newtypesNtB5_10DiskOffset3new
FN:248,_RNvMs8_NtCs317QJjvTM9h_8hitz_hal8newtypesNtB5_10DiskOffset6as_u64
FN:279,_RNvMs9_NtCs317QJjvTM9h_8hitz_hal8newtypesNtB5_10MacAddress8as_bytes
FN:321,_RNvMsb_NtCs317QJjvTM9h_8hitz_hal8newtypesNtB5_10MemSizeMiB6as_mib
FN:51,_RNvXs0_NtCs317QJjvTM9h_8hitz_hal8newtypesNtB5_4VmIdNtNtCs4kUJL3MZFFz_4core3fmt7Display3fmt
FN:89,_RNvXs2_NtCs317QJjvTM9h_8hitz_hal8newtypesNtB5_6VcpuIdNtNtCs4kUJL3MZFFz_4core3fmt7Display3fmt
FN:148,_RNvXs4_NtCs317QJjvTM9h_8hitz_hal8newtypesNtB5_3GpaNtNtCs4kUJL3MZFFz_4core3fmt7Display3fmt
FN:185,_RNvXs6_NtCs317QJjvTM9h_8hitz_hal8newtypesNtB5_7IrqLineNtNtCs4kUJL3MZFFz_4core3fmt7Display3fmt
FN:45,_RNvXs_NtCs317QJjvTM9h_8hitz_hal8newtypesNtB4_4VmIdNtNtCs4kUJL3MZFFz_4core7default7Default7default
FN:333,_RNvXsc_NtCs317QJjvTM9h_8hitz_hal8newtypesNtB5_10MemSizeMiBNtNtCs4kUJL3MZFFz_4core3fmt7Display3fmt
FNDA:0,_RNvMNtCs8llBYSpQSPM_8hitz_hal8newtypesNtB2_4VmId3new
FNDA:0,_RNvMNtCs8llBYSpQSPM_8hitz_hal8newtypesNtB2_4VmId7as_uuid
FNDA:0,_RNvMs1_NtCs8llBYSpQSPM_8hitz_hal8newtypesNtB5_6VcpuId3new
FNDA:0,_RNvMs1_NtCs8llBYSpQSPM_8hitz_hal8newtypesNtB5_6VcpuId6as_u32
FNDA:0,_RNvMs3_NtCs8llBYSpQSPM_8hitz_hal8newtypesNtB5_3Gpa11page_offset
FNDA:590,_RNvMs3_NtCs8llBYSpQSPM_8hitz_hal8newtypesNtB5_3Gpa3new
FNDA:15,_RNvMs3_NtCs8llBYSpQSPM_8hitz_hal8newtypesNtB5_3Gpa6as_u64
FNDA:0,_RNvMs3_NtCs8llBYSpQSPM_8hitz_hal8newtypesNtB5_3Gpa6offset
FNDA:0,_RNvMs3_NtCs8llBYSpQSPM_8hitz_hal8newtypesNtB5_3Gpa9page_base
FNDA:0,_RNvMs5_NtCs8llBYSpQSPM_8hitz_hal8newtypesNtB5_7IrqLine3new
FNDA:0,_RNvMs5_NtCs8llBYSpQSPM_8hitz_hal8newtypesNtB5_7IrqLine5as_u8
FNDA:0,_RNvMs7_NtCs8llBYSpQSPM_8hitz_hal8newtypesNtB5_8MmioSlot3new
FNDA:0,_RNvMs7_NtCs8llBYSpQSPM_8hitz_hal8newtypesNtB5_8MmioSlot6as_u16
FNDA:0,_RNvMs8_NtCs8llBYSpQSPM_8hitz_hal8newtypesNtB5_10DiskOffset3new
FNDA:0,_RNvMs8_NtCs8llBYSpQSPM_8hitz_hal8newtypesNtB5_10DiskOffset6as_u64
FNDA:0,_RNvMs9_NtCs8llBYSpQSPM_8hitz_hal8newtypesNtB5_10MacAddress3new
FNDA:0,_RNvMs9_NtCs8llBYSpQSPM_8hitz_hal8newtypesNtB5_10MacAddress8as_bytes
FNDA:0,_RNvMsb_NtCs8llBYSpQSPM_8hitz_hal8newtypesNtB5_10MemSizeMiB3new
FNDA:0,_RNvMsb_NtCs8llBYSpQSPM_8hitz_hal8newtypesNtB5_10MemSizeMiB6as_mib
FNDA:0,_RNvMsb_NtCs8llBYSpQSPM_8hitz_hal8newtypesNtB5_10MemSizeMiB8as_bytes
FNDA:0,_RNvXs0_NtCs8llBYSpQSPM_8hitz_hal8newtypesNtB5_4VmIdNtNtCs4kUJL3MZFFz_4core3fmt7Display3fmt
FNDA:0,_RNvXs2_NtCs8llBYSpQSPM_8hitz_hal8newtypesNtB5_6VcpuIdNtNtCs4kUJL3MZFFz_4core3fmt7Display3fmt
FNDA:0,_RNvXs4_NtCs8llBYSpQSPM_8hitz_hal8newtypesNtB5_3GpaNtNtCs4kUJL3MZFFz_4core3fmt7Display3fmt
FNDA:0,_RNvXs6_NtCs8llBYSpQSPM_8hitz_hal8newtypesNtB5_7IrqLineNtNtCs4kUJL3MZFFz_4core3fmt7Display3fmt
FNDA:0,_RNvXs_NtCs8llBYSpQSPM_8hitz_hal8newtypesNtB4_4VmIdNtNtCs4kUJL3MZFFz_4core7default7Default7default
FNDA:0,_RNvXsa_NtCs8llBYSpQSPM_8hitz_hal8newtypesNtB5_10MacAddressNtNtCs4kUJL3MZFFz_4core3fmt7Display3fmt
FNDA:0,_RNvXsc_NtCs8llBYSpQSPM_8hitz_hal8newtypesNtB5_10MemSizeMiBNtNtCs4kUJL3MZFFz_4core3fmt7Display3fmt
FNDA:1,_RNvNtNtCs317QJjvTM9h_8hitz_hal8newtypes5testss_10gpa_offset
FNDA:1,_RNvNtNtCs317QJjvTM9h_8hitz_hal8newtypes5testss_16vm_id_uniqueness
FNDA:1,_RNvNtNtCs317QJjvTM9h_8hitz_hal8newtypes5testss_18gpa_page_alignment
FNDA:1,_RNvNtNtCs317QJjvTM9h_8hitz_hal8newtypes5testss_19mac_address_display
FNDA:1,_RNvNtNtCs317QJjvTM9h_8hitz_hal8newtypes5testss_19mem_size_conversion
FNDA:2,_RNvMNtCs317QJjvTM9h_8hitz_hal8newtypesNtB2_4VmId3new
FNDA:1,_RNvMs3_NtCs317QJjvTM9h_8hitz_hal8newtypesNtB5_3Gpa11page_offset
FNDA:4,_RNvMs3_NtCs317QJjvTM9h_8hitz_hal8newtypesNtB5_3Gpa3new
FNDA:1,_RNvMs3_NtCs317QJjvTM9h_8hitz_hal8newtypesNtB5_3Gpa6offset
FNDA:1,_RNvMs3_NtCs317QJjvTM9h_8hitz_hal8newtypesNtB5_3Gpa9page_base
FNDA:1,_RNvMs9_NtCs317QJjvTM9h_8hitz_hal8newtypesNtB5_10MacAddress3new
FNDA:1,_RNvMsb_NtCs317QJjvTM9h_8hitz_hal8newtypesNtB5_10MemSizeMiB3new
FNDA:1,_RNvMsb_NtCs317QJjvTM9h_8hitz_hal8newtypesNtB5_10MemSizeMiB8as_bytes
FNDA:1,_RNvXsa_NtCs317QJjvTM9h_8hitz_hal8newtypesNtB5_10MacAddressNtNtCs4kUJL3MZFFz_4core3fmt7Display3fmt
FNDA:0,_RNvMNtCs317QJjvTM9h_8hitz_hal8newtypesNtB2_4VmId7as_uuid
FNDA:0,_RNvMs1_NtCs317QJjvTM9h_8hitz_hal8newtypesNtB5_6VcpuId3new
FNDA:0,_RNvMs1_NtCs317QJjvTM9h_8hitz_hal8newtypesNtB5_6VcpuId6as_u32
FNDA:0,_RNvMs3_NtCs317QJjvTM9h_8hitz_hal8newtypesNtB5_3Gpa6as_u64
FNDA:0,_RNvMs5_NtCs317QJjvTM9h_8hitz_hal8newtypesNtB5_7IrqLine3new
FNDA:0,_RNvMs5_NtCs317QJjvTM9h_8hitz_hal8newtypesNtB5_7IrqLine5as_u8
FNDA:0,_RNvMs7_NtCs317QJjvTM9h_8hitz_hal8newtypesNtB5_8MmioSlot3new
FNDA:0,_RNvMs7_NtCs317QJjvTM9h_8hitz_hal8newtypesNtB5_8MmioSlot6as_u16
FNDA:0,_RNvMs8_NtCs317QJjvTM9h_8hitz_hal8newtypesNtB5_10DiskOffset3new
FNDA:0,_RNvMs8_NtCs317QJjvTM9h_8hitz_hal8newtypesNtB5_10DiskOffset6as_u64
FNDA:0,_RNvMs9_NtCs317QJjvTM9h_8hitz_hal8newtypesNtB5_10MacAddress8as_bytes
FNDA:0,_RNvMsb_NtCs317QJjvTM9h_8hitz_hal8newtypesNtB5_10MemSizeMiB6as_mib
FNDA:0,_RNvXs0_NtCs317QJjvTM9h_8hitz_hal8newtypesNtB5_4VmIdNtNtCs4kUJL3MZFFz_4core3fmt7Display3fmt
FNDA:0,_RNvXs2_NtCs317QJjvTM9h_8hitz_hal8newtypesNtB5_6VcpuIdNtNtCs4kUJL3MZFFz_4core3fmt7Display3fmt
FNDA:0,_RNvXs4_NtCs317QJjvTM9h_8hitz_hal8newtypesNtB5_3GpaNtNtCs4kUJL3MZFFz_4core3fmt7Display3fmt
FNDA:0,_RNvXs6_NtCs317QJjvTM9h_8hitz_hal8newtypesNtB5_7IrqLineNtNtCs4kUJL3MZFFz_4core3fmt7Display3fmt
FNDA:0,_RNvXs_NtCs317QJjvTM9h_8hitz_hal8newtypesNtB4_4VmIdNtNtCs4kUJL3MZFFz_4core7default7Default7default
FNDA:0,_RNvXsc_NtCs317QJjvTM9h_8hitz_hal8newtypesNtB5_10MemSizeMiBNtNtCs4kUJL3MZFFz_4core3fmt7Display3fmt
FNF:32
FNH:15
DA:33,2
DA:34,2
DA:35,2
DA:39,0
DA:40,0
DA:41,0
DA:45,0
DA:46,0
DA:47,0
DA:51,0
DA:52,0
DA:53,0
DA:77,0
DA:78,0
DA:79,0
DA:83,0
DA:84,0
DA:85,0
DA:89,0
DA:90,0
DA:91,0
DA:118,594
DA:119,594
DA:120,594
DA:124,15
DA:125,15
DA:126,15
DA:130,1
DA:131,1
DA:132,1
DA:136,1
DA:137,1
DA:138,1
DA:142,1
DA:143,1
DA:144,1
DA:148,0
DA:149,0
DA:150,0
DA:173,0
DA:174,0
DA:175,0
DA:179,0
DA:180,0
DA:181,0
DA:185,0
DA:186,0
DA:187,0
DA:210,0
DA:211,0
DA:212,0
DA:216,0
DA:217,0
DA:218,0
DA:242,0
DA:243,0
DA:244,0
DA:248,0
DA:249,0
DA:250,0
DA:273,1
DA:274,1
DA:275,1
DA:279,0
DA:280,0
DA:281,0
DA:285,1
DA:286,1
DA:287,1
DA:289,1
DA:291,1
DA:315,1
DA:316,1
DA:317,1
DA:321,0
DA:322,0
DA:323,0
DA:327,1
DA:328,1
DA:329,1
DA:333,0
DA:334,0
DA:335,0
DA:343,1
DA:344,1
DA:345,1
DA:346,1
DA:347,1
DA:350,1
DA:351,1
DA:352,1
DA:353,1
DA:356,1
DA:357,1
DA:358,1
DA:359,1
DA:362,1
DA:363,1
DA:364,1
DA:365,1
DA:368,1
DA:369,1
DA:370,1
DA:371,1
DA:372,1
BRF:0
BRH:0
LF:105
LH:54
end_of_record
SF:/app/crates/hitz-hal/src/traits.rs
FN:242,_RNvYpNtNtCs317QJjvTM9h_8hitz_hal6traits4Vcpu6cancelB7_
FNDA:0,_RNvYpNtNtCs317QJjvTM9h_8hitz_hal6traits4Vcpu6cancelB7_
FNF:1
FNH:0
DA:242,0
DA:243,0
DA:244,0
BRF:0
BRH:0
LF:3
LH:0
end_of_record
